[2024-03-28 14:12:50] local.ERROR: No application encryption key has been specified. {"exception":"[object] (Illuminate\\Encryption\\MissingAppKeyException(code: 0): No application encryption key has been specified. at E:\\Study\\Project\\DAK2\\adminlte\\vendor\\laravel\\framework\\src\\Illuminate\\Encryption\\EncryptionServiceProvider.php:83)
[stacktrace]
#0 E:\\Study\\Project\\DAK2\\adminlte\\vendor\\laravel\\framework\\src\\Illuminate\\Support\\helpers.php(345): Illuminate\\Encryption\\EncryptionServiceProvider->Illuminate\\Encryption\\{closure}()
#1 E:\\Study\\Project\\DAK2\\adminlte\\vendor\\laravel\\framework\\src\\Illuminate\\Encryption\\EncryptionServiceProvider.php(81): tap()
#2 E:\\Study\\Project\\DAK2\\adminlte\\vendor\\laravel\\framework\\src\\Illuminate\\Encryption\\EncryptionServiceProvider.php(64): Illuminate\\Encryption\\EncryptionServiceProvider->key()
#3 E:\\Study\\Project\\DAK2\\adminlte\\vendor\\laravel\\framework\\src\\Illuminate\\Encryption\\EncryptionServiceProvider.php(32): Illuminate\\Encryption\\EncryptionServiceProvider->parseKey()
#4 E:\\Study\\Project\\DAK2\\adminlte\\vendor\\laravel\\framework\\src\\Illuminate\\Container\\Container.php(900): Illuminate\\Encryption\\EncryptionServiceProvider->Illuminate\\Encryption\\{closure}()
#5 E:\\Study\\Project\\DAK2\\adminlte\\vendor\\laravel\\framework\\src\\Illuminate\\Container\\Container.php(787): Illuminate\\Container\\Container->build()
#6 E:\\Study\\Project\\DAK2\\adminlte\\vendor\\laravel\\framework\\src\\Illuminate\\Foundation\\Application.php(1026): Illuminate\\Container\\Container->resolve()
#7 E:\\Study\\Project\\DAK2\\adminlte\\vendor\\laravel\\framework\\src\\Illuminate\\Container\\Container.php(723): Illuminate\\Foundation\\Application->resolve()
#8 E:\\Study\\Project\\DAK2\\adminlte\\vendor\\laravel\\framework\\src\\Illuminate\\Foundation\\Application.php(1011): Illuminate\\Container\\Container->make()
#9 E:\\Study\\Project\\DAK2\\adminlte\\vendor\\laravel\\framework\\src\\Illuminate\\Container\\Container.php(1058): Illuminate\\Foundation\\Application->make()
#10 E:\\Study\\Project\\DAK2\\adminlte\\vendor\\laravel\\framework\\src\\Illuminate\\Container\\Container.php(974): Illuminate\\Container\\Container->resolveClass()
#11 E:\\Study\\Project\\DAK2\\adminlte\\vendor\\laravel\\framework\\src\\Illuminate\\Container\\Container.php(935): Illuminate\\Container\\Container->resolveDependencies()
#12 E:\\Study\\Project\\DAK2\\adminlte\\vendor\\laravel\\framework\\src\\Illuminate\\Container\\Container.php(787): Illuminate\\Container\\Container->build()
#13 E:\\Study\\Project\\DAK2\\adminlte\\vendor\\laravel\\framework\\src\\Illuminate\\Foundation\\Application.php(1026): Illuminate\\Container\\Container->resolve()
#14 E:\\Study\\Project\\DAK2\\adminlte\\vendor\\laravel\\framework\\src\\Illuminate\\Container\\Container.php(723): Illuminate\\Foundation\\Application->resolve()
#15 E:\\Study\\Project\\DAK2\\adminlte\\vendor\\laravel\\framework\\src\\Illuminate\\Foundation\\Application.php(1011): Illuminate\\Container\\Container->make()
#16 E:\\Study\\Project\\DAK2\\adminlte\\vendor\\laravel\\framework\\src\\Illuminate\\Pipeline\\Pipeline.php(172): Illuminate\\Foundation\\Application->make()
#17 E:\\Study\\Project\\DAK2\\adminlte\\vendor\\laravel\\framework\\src\\Illuminate\\Pipeline\\Pipeline.php(119): Illuminate\\Pipeline\\Pipeline->Illuminate\\Pipeline\\{closure}()
#18 E:\\Study\\Project\\DAK2\\adminlte\\vendor\\laravel\\framework\\src\\Illuminate\\Routing\\Router.php(805): Illuminate\\Pipeline\\Pipeline->then()
#19 E:\\Study\\Project\\DAK2\\adminlte\\vendor\\laravel\\framework\\src\\Illuminate\\Routing\\Router.php(784): Illuminate\\Routing\\Router->runRouteWithinStack()
#20 E:\\Study\\Project\\DAK2\\adminlte\\vendor\\laravel\\framework\\src\\Illuminate\\Routing\\Router.php(748): Illuminate\\Routing\\Router->runRoute()
#21 E:\\Study\\Project\\DAK2\\adminlte\\vendor\\laravel\\framework\\src\\Illuminate\\Routing\\Router.php(737): Illuminate\\Routing\\Router->dispatchToRoute()
#22 E:\\Study\\Project\\DAK2\\adminlte\\vendor\\laravel\\framework\\src\\Illuminate\\Foundation\\Http\\Kernel.php(200): Illuminate\\Routing\\Router->dispatch()
#23 E:\\Study\\Project\\DAK2\\adminlte\\vendor\\laravel\\framework\\src\\Illuminate\\Pipeline\\Pipeline.php(144): Illuminate\\Foundation\\Http\\Kernel->Illuminate\\Foundation\\Http\\{closure}()
#24 E:\\Study\\Project\\DAK2\\adminlte\\vendor\\laravel\\framework\\src\\Illuminate\\Foundation\\Http\\Middleware\\TransformsRequest.php(21): Illuminate\\Pipeline\\Pipeline->Illuminate\\Pipeline\\{closure}()
#25 E:\\Study\\Project\\DAK2\\adminlte\\vendor\\laravel\\framework\\src\\Illuminate\\Foundation\\Http\\Middleware\\ConvertEmptyStringsToNull.php(31): Illuminate\\Foundation\\Http\\Middleware\\TransformsRequest->handle()
#26 E:\\Study\\Project\\DAK2\\adminlte\\vendor\\laravel\\framework\\src\\Illuminate\\Pipeline\\Pipeline.php(183): Illuminate\\Foundation\\Http\\Middleware\\ConvertEmptyStringsToNull->handle()
#27 E:\\Study\\Project\\DAK2\\adminlte\\vendor\\laravel\\framework\\src\\Illuminate\\Foundation\\Http\\Middleware\\TransformsRequest.php(21): Illuminate\\Pipeline\\Pipeline->Illuminate\\Pipeline\\{closure}()
#28 E:\\Study\\Project\\DAK2\\adminlte\\vendor\\laravel\\framework\\src\\Illuminate\\Foundation\\Http\\Middleware\\TrimStrings.php(50): Illuminate\\Foundation\\Http\\Middleware\\TransformsRequest->handle()
#29 E:\\Study\\Project\\DAK2\\adminlte\\vendor\\laravel\\framework\\src\\Illuminate\\Pipeline\\Pipeline.php(183): Illuminate\\Foundation\\Http\\Middleware\\TrimStrings->handle()
#30 E:\\Study\\Project\\DAK2\\adminlte\\vendor\\laravel\\framework\\src\\Illuminate\\Http\\Middleware\\ValidatePostSize.php(27): Illuminate\\Pipeline\\Pipeline->Illuminate\\Pipeline\\{closure}()
#31 E:\\Study\\Project\\DAK2\\adminlte\\vendor\\laravel\\framework\\src\\Illuminate\\Pipeline\\Pipeline.php(183): Illuminate\\Http\\Middleware\\ValidatePostSize->handle()
#32 E:\\Study\\Project\\DAK2\\adminlte\\vendor\\laravel\\framework\\src\\Illuminate\\Foundation\\Http\\Middleware\\PreventRequestsDuringMaintenance.php(110): Illuminate\\Pipeline\\Pipeline->Illuminate\\Pipeline\\{closure}()
#33 E:\\Study\\Project\\DAK2\\adminlte\\vendor\\laravel\\framework\\src\\Illuminate\\Pipeline\\Pipeline.php(183): Illuminate\\Foundation\\Http\\Middleware\\PreventRequestsDuringMaintenance->handle()
#34 E:\\Study\\Project\\DAK2\\adminlte\\vendor\\laravel\\framework\\src\\Illuminate\\Http\\Middleware\\HandleCors.php(49): Illuminate\\Pipeline\\Pipeline->Illuminate\\Pipeline\\{closure}()
#35 E:\\Study\\Project\\DAK2\\adminlte\\vendor\\laravel\\framework\\src\\Illuminate\\Pipeline\\Pipeline.php(183): Illuminate\\Http\\Middleware\\HandleCors->handle()
#36 E:\\Study\\Project\\DAK2\\adminlte\\vendor\\laravel\\framework\\src\\Illuminate\\Http\\Middleware\\TrustProxies.php(57): Illuminate\\Pipeline\\Pipeline->Illuminate\\Pipeline\\{closure}()
#37 E:\\Study\\Project\\DAK2\\adminlte\\vendor\\laravel\\framework\\src\\Illuminate\\Pipeline\\Pipeline.php(183): Illuminate\\Http\\Middleware\\TrustProxies->handle()
#38 E:\\Study\\Project\\DAK2\\adminlte\\vendor\\laravel\\framework\\src\\Illuminate\\Pipeline\\Pipeline.php(119): Illuminate\\Pipeline\\Pipeline->Illuminate\\Pipeline\\{closure}()
#39 E:\\Study\\Project\\DAK2\\adminlte\\vendor\\laravel\\framework\\src\\Illuminate\\Foundation\\Http\\Kernel.php(175): Illuminate\\Pipeline\\Pipeline->then()
#40 E:\\Study\\Project\\DAK2\\adminlte\\vendor\\laravel\\framework\\src\\Illuminate\\Foundation\\Http\\Kernel.php(144): Illuminate\\Foundation\\Http\\Kernel->sendRequestThroughRouter()
#41 E:\\Study\\Project\\DAK2\\adminlte\\vendor\\laravel\\framework\\src\\Illuminate\\Foundation\\Application.php(1168): Illuminate\\Foundation\\Http\\Kernel->handle()
#42 E:\\Study\\Project\\DAK2\\adminlte\\public\\index.php(17): Illuminate\\Foundation\\Application->handleRequest()
#43 E:\\Study\\Project\\DAK2\\adminlte\\vendor\\laravel\\framework\\src\\Illuminate\\Foundation\\resources\\server.php(16): require_once('...')
#44 {main}
"} 
[2024-03-28 14:12:51] local.ERROR: No application encryption key has been specified. {"exception":"[object] (Illuminate\\Encryption\\MissingAppKeyException(code: 0): No application encryption key has been specified. at E:\\Study\\Project\\DAK2\\adminlte\\vendor\\laravel\\framework\\src\\Illuminate\\Encryption\\EncryptionServiceProvider.php:83)
[stacktrace]
#0 E:\\Study\\Project\\DAK2\\adminlte\\vendor\\laravel\\framework\\src\\Illuminate\\Support\\helpers.php(345): Illuminate\\Encryption\\EncryptionServiceProvider->Illuminate\\Encryption\\{closure}()
#1 E:\\Study\\Project\\DAK2\\adminlte\\vendor\\laravel\\framework\\src\\Illuminate\\Encryption\\EncryptionServiceProvider.php(81): tap()
#2 E:\\Study\\Project\\DAK2\\adminlte\\vendor\\laravel\\framework\\src\\Illuminate\\Encryption\\EncryptionServiceProvider.php(64): Illuminate\\Encryption\\EncryptionServiceProvider->key()
#3 E:\\Study\\Project\\DAK2\\adminlte\\vendor\\laravel\\framework\\src\\Illuminate\\Encryption\\EncryptionServiceProvider.php(32): Illuminate\\Encryption\\EncryptionServiceProvider->parseKey()
#4 E:\\Study\\Project\\DAK2\\adminlte\\vendor\\laravel\\framework\\src\\Illuminate\\Container\\Container.php(900): Illuminate\\Encryption\\EncryptionServiceProvider->Illuminate\\Encryption\\{closure}()
#5 E:\\Study\\Project\\DAK2\\adminlte\\vendor\\laravel\\framework\\src\\Illuminate\\Container\\Container.php(787): Illuminate\\Container\\Container->build()
#6 E:\\Study\\Project\\DAK2\\adminlte\\vendor\\laravel\\framework\\src\\Illuminate\\Foundation\\Application.php(1026): Illuminate\\Container\\Container->resolve()
#7 E:\\Study\\Project\\DAK2\\adminlte\\vendor\\laravel\\framework\\src\\Illuminate\\Container\\Container.php(723): Illuminate\\Foundation\\Application->resolve()
#8 E:\\Study\\Project\\DAK2\\adminlte\\vendor\\laravel\\framework\\src\\Illuminate\\Foundation\\Application.php(1011): Illuminate\\Container\\Container->make()
#9 E:\\Study\\Project\\DAK2\\adminlte\\vendor\\laravel\\framework\\src\\Illuminate\\Container\\Container.php(1058): Illuminate\\Foundation\\Application->make()
#10 E:\\Study\\Project\\DAK2\\adminlte\\vendor\\laravel\\framework\\src\\Illuminate\\Container\\Container.php(974): Illuminate\\Container\\Container->resolveClass()
#11 E:\\Study\\Project\\DAK2\\adminlte\\vendor\\laravel\\framework\\src\\Illuminate\\Container\\Container.php(935): Illuminate\\Container\\Container->resolveDependencies()
#12 E:\\Study\\Project\\DAK2\\adminlte\\vendor\\laravel\\framework\\src\\Illuminate\\Container\\Container.php(787): Illuminate\\Container\\Container->build()
#13 E:\\Study\\Project\\DAK2\\adminlte\\vendor\\laravel\\framework\\src\\Illuminate\\Foundation\\Application.php(1026): Illuminate\\Container\\Container->resolve()
#14 E:\\Study\\Project\\DAK2\\adminlte\\vendor\\laravel\\framework\\src\\Illuminate\\Container\\Container.php(723): Illuminate\\Foundation\\Application->resolve()
#15 E:\\Study\\Project\\DAK2\\adminlte\\vendor\\laravel\\framework\\src\\Illuminate\\Foundation\\Application.php(1011): Illuminate\\Container\\Container->make()
#16 E:\\Study\\Project\\DAK2\\adminlte\\vendor\\laravel\\framework\\src\\Illuminate\\Foundation\\Http\\Kernel.php(255): Illuminate\\Foundation\\Application->make()
#17 E:\\Study\\Project\\DAK2\\adminlte\\vendor\\laravel\\framework\\src\\Illuminate\\Foundation\\Http\\Kernel.php(213): Illuminate\\Foundation\\Http\\Kernel->terminateMiddleware()
#18 E:\\Study\\Project\\DAK2\\adminlte\\vendor\\laravel\\framework\\src\\Illuminate\\Foundation\\Application.php(1170): Illuminate\\Foundation\\Http\\Kernel->terminate()
#19 E:\\Study\\Project\\DAK2\\adminlte\\public\\index.php(17): Illuminate\\Foundation\\Application->handleRequest()
#20 E:\\Study\\Project\\DAK2\\adminlte\\vendor\\laravel\\framework\\src\\Illuminate\\Foundation\\resources\\server.php(16): require_once('...')
#21 {main}
"} 
[2024-03-28 14:12:52] local.ERROR: No application encryption key has been specified. {"exception":"[object] (Illuminate\\Encryption\\MissingAppKeyException(code: 0): No application encryption key has been specified. at E:\\Study\\Project\\DAK2\\adminlte\\vendor\\laravel\\framework\\src\\Illuminate\\Encryption\\EncryptionServiceProvider.php:83)
[stacktrace]
#0 E:\\Study\\Project\\DAK2\\adminlte\\vendor\\laravel\\framework\\src\\Illuminate\\Support\\helpers.php(345): Illuminate\\Encryption\\EncryptionServiceProvider->Illuminate\\Encryption\\{closure}()
#1 E:\\Study\\Project\\DAK2\\adminlte\\vendor\\laravel\\framework\\src\\Illuminate\\Encryption\\EncryptionServiceProvider.php(81): tap()
#2 E:\\Study\\Project\\DAK2\\adminlte\\vendor\\laravel\\framework\\src\\Illuminate\\Encryption\\EncryptionServiceProvider.php(64): Illuminate\\Encryption\\EncryptionServiceProvider->key()
#3 E:\\Study\\Project\\DAK2\\adminlte\\vendor\\laravel\\framework\\src\\Illuminate\\Encryption\\EncryptionServiceProvider.php(32): Illuminate\\Encryption\\EncryptionServiceProvider->parseKey()
#4 E:\\Study\\Project\\DAK2\\adminlte\\vendor\\laravel\\framework\\src\\Illuminate\\Container\\Container.php(900): Illuminate\\Encryption\\EncryptionServiceProvider->Illuminate\\Encryption\\{closure}()
#5 E:\\Study\\Project\\DAK2\\adminlte\\vendor\\laravel\\framework\\src\\Illuminate\\Container\\Container.php(787): Illuminate\\Container\\Container->build()
#6 E:\\Study\\Project\\DAK2\\adminlte\\vendor\\laravel\\framework\\src\\Illuminate\\Foundation\\Application.php(1026): Illuminate\\Container\\Container->resolve()
#7 E:\\Study\\Project\\DAK2\\adminlte\\vendor\\laravel\\framework\\src\\Illuminate\\Container\\Container.php(723): Illuminate\\Foundation\\Application->resolve()
#8 E:\\Study\\Project\\DAK2\\adminlte\\vendor\\laravel\\framework\\src\\Illuminate\\Foundation\\Application.php(1011): Illuminate\\Container\\Container->make()
#9 E:\\Study\\Project\\DAK2\\adminlte\\vendor\\laravel\\framework\\src\\Illuminate\\Container\\Container.php(1058): Illuminate\\Foundation\\Application->make()
#10 E:\\Study\\Project\\DAK2\\adminlte\\vendor\\laravel\\framework\\src\\Illuminate\\Container\\Container.php(974): Illuminate\\Container\\Container->resolveClass()
#11 E:\\Study\\Project\\DAK2\\adminlte\\vendor\\laravel\\framework\\src\\Illuminate\\Container\\Container.php(935): Illuminate\\Container\\Container->resolveDependencies()
#12 E:\\Study\\Project\\DAK2\\adminlte\\vendor\\laravel\\framework\\src\\Illuminate\\Container\\Container.php(787): Illuminate\\Container\\Container->build()
#13 E:\\Study\\Project\\DAK2\\adminlte\\vendor\\laravel\\framework\\src\\Illuminate\\Foundation\\Application.php(1026): Illuminate\\Container\\Container->resolve()
#14 E:\\Study\\Project\\DAK2\\adminlte\\vendor\\laravel\\framework\\src\\Illuminate\\Container\\Container.php(723): Illuminate\\Foundation\\Application->resolve()
#15 E:\\Study\\Project\\DAK2\\adminlte\\vendor\\laravel\\framework\\src\\Illuminate\\Foundation\\Application.php(1011): Illuminate\\Container\\Container->make()
#16 E:\\Study\\Project\\DAK2\\adminlte\\vendor\\laravel\\framework\\src\\Illuminate\\Pipeline\\Pipeline.php(172): Illuminate\\Foundation\\Application->make()
#17 E:\\Study\\Project\\DAK2\\adminlte\\vendor\\laravel\\framework\\src\\Illuminate\\Pipeline\\Pipeline.php(119): Illuminate\\Pipeline\\Pipeline->Illuminate\\Pipeline\\{closure}()
#18 E:\\Study\\Project\\DAK2\\adminlte\\vendor\\laravel\\framework\\src\\Illuminate\\Routing\\Router.php(805): Illuminate\\Pipeline\\Pipeline->then()
#19 E:\\Study\\Project\\DAK2\\adminlte\\vendor\\laravel\\framework\\src\\Illuminate\\Routing\\Router.php(784): Illuminate\\Routing\\Router->runRouteWithinStack()
#20 E:\\Study\\Project\\DAK2\\adminlte\\vendor\\laravel\\framework\\src\\Illuminate\\Routing\\Router.php(748): Illuminate\\Routing\\Router->runRoute()
#21 E:\\Study\\Project\\DAK2\\adminlte\\vendor\\laravel\\framework\\src\\Illuminate\\Routing\\Router.php(737): Illuminate\\Routing\\Router->dispatchToRoute()
#22 E:\\Study\\Project\\DAK2\\adminlte\\vendor\\laravel\\framework\\src\\Illuminate\\Foundation\\Http\\Kernel.php(200): Illuminate\\Routing\\Router->dispatch()
#23 E:\\Study\\Project\\DAK2\\adminlte\\vendor\\laravel\\framework\\src\\Illuminate\\Pipeline\\Pipeline.php(144): Illuminate\\Foundation\\Http\\Kernel->Illuminate\\Foundation\\Http\\{closure}()
#24 E:\\Study\\Project\\DAK2\\adminlte\\vendor\\laravel\\framework\\src\\Illuminate\\Foundation\\Http\\Middleware\\TransformsRequest.php(21): Illuminate\\Pipeline\\Pipeline->Illuminate\\Pipeline\\{closure}()
#25 E:\\Study\\Project\\DAK2\\adminlte\\vendor\\laravel\\framework\\src\\Illuminate\\Foundation\\Http\\Middleware\\ConvertEmptyStringsToNull.php(31): Illuminate\\Foundation\\Http\\Middleware\\TransformsRequest->handle()
#26 E:\\Study\\Project\\DAK2\\adminlte\\vendor\\laravel\\framework\\src\\Illuminate\\Pipeline\\Pipeline.php(183): Illuminate\\Foundation\\Http\\Middleware\\ConvertEmptyStringsToNull->handle()
#27 E:\\Study\\Project\\DAK2\\adminlte\\vendor\\laravel\\framework\\src\\Illuminate\\Foundation\\Http\\Middleware\\TransformsRequest.php(21): Illuminate\\Pipeline\\Pipeline->Illuminate\\Pipeline\\{closure}()
#28 E:\\Study\\Project\\DAK2\\adminlte\\vendor\\laravel\\framework\\src\\Illuminate\\Foundation\\Http\\Middleware\\TrimStrings.php(50): Illuminate\\Foundation\\Http\\Middleware\\TransformsRequest->handle()
#29 E:\\Study\\Project\\DAK2\\adminlte\\vendor\\laravel\\framework\\src\\Illuminate\\Pipeline\\Pipeline.php(183): Illuminate\\Foundation\\Http\\Middleware\\TrimStrings->handle()
#30 E:\\Study\\Project\\DAK2\\adminlte\\vendor\\laravel\\framework\\src\\Illuminate\\Http\\Middleware\\ValidatePostSize.php(27): Illuminate\\Pipeline\\Pipeline->Illuminate\\Pipeline\\{closure}()
#31 E:\\Study\\Project\\DAK2\\adminlte\\vendor\\laravel\\framework\\src\\Illuminate\\Pipeline\\Pipeline.php(183): Illuminate\\Http\\Middleware\\ValidatePostSize->handle()
#32 E:\\Study\\Project\\DAK2\\adminlte\\vendor\\laravel\\framework\\src\\Illuminate\\Foundation\\Http\\Middleware\\PreventRequestsDuringMaintenance.php(110): Illuminate\\Pipeline\\Pipeline->Illuminate\\Pipeline\\{closure}()
#33 E:\\Study\\Project\\DAK2\\adminlte\\vendor\\laravel\\framework\\src\\Illuminate\\Pipeline\\Pipeline.php(183): Illuminate\\Foundation\\Http\\Middleware\\PreventRequestsDuringMaintenance->handle()
#34 E:\\Study\\Project\\DAK2\\adminlte\\vendor\\laravel\\framework\\src\\Illuminate\\Http\\Middleware\\HandleCors.php(49): Illuminate\\Pipeline\\Pipeline->Illuminate\\Pipeline\\{closure}()
#35 E:\\Study\\Project\\DAK2\\adminlte\\vendor\\laravel\\framework\\src\\Illuminate\\Pipeline\\Pipeline.php(183): Illuminate\\Http\\Middleware\\HandleCors->handle()
#36 E:\\Study\\Project\\DAK2\\adminlte\\vendor\\laravel\\framework\\src\\Illuminate\\Http\\Middleware\\TrustProxies.php(57): Illuminate\\Pipeline\\Pipeline->Illuminate\\Pipeline\\{closure}()
#37 E:\\Study\\Project\\DAK2\\adminlte\\vendor\\laravel\\framework\\src\\Illuminate\\Pipeline\\Pipeline.php(183): Illuminate\\Http\\Middleware\\TrustProxies->handle()
#38 E:\\Study\\Project\\DAK2\\adminlte\\vendor\\laravel\\framework\\src\\Illuminate\\Pipeline\\Pipeline.php(119): Illuminate\\Pipeline\\Pipeline->Illuminate\\Pipeline\\{closure}()
#39 E:\\Study\\Project\\DAK2\\adminlte\\vendor\\laravel\\framework\\src\\Illuminate\\Foundation\\Http\\Kernel.php(175): Illuminate\\Pipeline\\Pipeline->then()
#40 E:\\Study\\Project\\DAK2\\adminlte\\vendor\\laravel\\framework\\src\\Illuminate\\Foundation\\Http\\Kernel.php(144): Illuminate\\Foundation\\Http\\Kernel->sendRequestThroughRouter()
#41 E:\\Study\\Project\\DAK2\\adminlte\\vendor\\laravel\\framework\\src\\Illuminate\\Foundation\\Application.php(1168): Illuminate\\Foundation\\Http\\Kernel->handle()
#42 E:\\Study\\Project\\DAK2\\adminlte\\public\\index.php(17): Illuminate\\Foundation\\Application->handleRequest()
#43 E:\\Study\\Project\\DAK2\\adminlte\\vendor\\laravel\\framework\\src\\Illuminate\\Foundation\\resources\\server.php(16): require_once('...')
#44 {main}
"} 
[2024-03-28 14:12:52] local.ERROR: No application encryption key has been specified. {"exception":"[object] (Illuminate\\Encryption\\MissingAppKeyException(code: 0): No application encryption key has been specified. at E:\\Study\\Project\\DAK2\\adminlte\\vendor\\laravel\\framework\\src\\Illuminate\\Encryption\\EncryptionServiceProvider.php:83)
[stacktrace]
#0 E:\\Study\\Project\\DAK2\\adminlte\\vendor\\laravel\\framework\\src\\Illuminate\\Support\\helpers.php(345): Illuminate\\Encryption\\EncryptionServiceProvider->Illuminate\\Encryption\\{closure}()
#1 E:\\Study\\Project\\DAK2\\adminlte\\vendor\\laravel\\framework\\src\\Illuminate\\Encryption\\EncryptionServiceProvider.php(81): tap()
#2 E:\\Study\\Project\\DAK2\\adminlte\\vendor\\laravel\\framework\\src\\Illuminate\\Encryption\\EncryptionServiceProvider.php(64): Illuminate\\Encryption\\EncryptionServiceProvider->key()
#3 E:\\Study\\Project\\DAK2\\adminlte\\vendor\\laravel\\framework\\src\\Illuminate\\Encryption\\EncryptionServiceProvider.php(32): Illuminate\\Encryption\\EncryptionServiceProvider->parseKey()
#4 E:\\Study\\Project\\DAK2\\adminlte\\vendor\\laravel\\framework\\src\\Illuminate\\Container\\Container.php(900): Illuminate\\Encryption\\EncryptionServiceProvider->Illuminate\\Encryption\\{closure}()
#5 E:\\Study\\Project\\DAK2\\adminlte\\vendor\\laravel\\framework\\src\\Illuminate\\Container\\Container.php(787): Illuminate\\Container\\Container->build()
#6 E:\\Study\\Project\\DAK2\\adminlte\\vendor\\laravel\\framework\\src\\Illuminate\\Foundation\\Application.php(1026): Illuminate\\Container\\Container->resolve()
#7 E:\\Study\\Project\\DAK2\\adminlte\\vendor\\laravel\\framework\\src\\Illuminate\\Container\\Container.php(723): Illuminate\\Foundation\\Application->resolve()
#8 E:\\Study\\Project\\DAK2\\adminlte\\vendor\\laravel\\framework\\src\\Illuminate\\Foundation\\Application.php(1011): Illuminate\\Container\\Container->make()
#9 E:\\Study\\Project\\DAK2\\adminlte\\vendor\\laravel\\framework\\src\\Illuminate\\Container\\Container.php(1058): Illuminate\\Foundation\\Application->make()
#10 E:\\Study\\Project\\DAK2\\adminlte\\vendor\\laravel\\framework\\src\\Illuminate\\Container\\Container.php(974): Illuminate\\Container\\Container->resolveClass()
#11 E:\\Study\\Project\\DAK2\\adminlte\\vendor\\laravel\\framework\\src\\Illuminate\\Container\\Container.php(935): Illuminate\\Container\\Container->resolveDependencies()
#12 E:\\Study\\Project\\DAK2\\adminlte\\vendor\\laravel\\framework\\src\\Illuminate\\Container\\Container.php(787): Illuminate\\Container\\Container->build()
#13 E:\\Study\\Project\\DAK2\\adminlte\\vendor\\laravel\\framework\\src\\Illuminate\\Foundation\\Application.php(1026): Illuminate\\Container\\Container->resolve()
#14 E:\\Study\\Project\\DAK2\\adminlte\\vendor\\laravel\\framework\\src\\Illuminate\\Container\\Container.php(723): Illuminate\\Foundation\\Application->resolve()
#15 E:\\Study\\Project\\DAK2\\adminlte\\vendor\\laravel\\framework\\src\\Illuminate\\Foundation\\Application.php(1011): Illuminate\\Container\\Container->make()
#16 E:\\Study\\Project\\DAK2\\adminlte\\vendor\\laravel\\framework\\src\\Illuminate\\Foundation\\Http\\Kernel.php(255): Illuminate\\Foundation\\Application->make()
#17 E:\\Study\\Project\\DAK2\\adminlte\\vendor\\laravel\\framework\\src\\Illuminate\\Foundation\\Http\\Kernel.php(213): Illuminate\\Foundation\\Http\\Kernel->terminateMiddleware()
#18 E:\\Study\\Project\\DAK2\\adminlte\\vendor\\laravel\\framework\\src\\Illuminate\\Foundation\\Application.php(1170): Illuminate\\Foundation\\Http\\Kernel->terminate()
#19 E:\\Study\\Project\\DAK2\\adminlte\\public\\index.php(17): Illuminate\\Foundation\\Application->handleRequest()
#20 E:\\Study\\Project\\DAK2\\adminlte\\vendor\\laravel\\framework\\src\\Illuminate\\Foundation\\resources\\server.php(16): require_once('...')
#21 {main}
"} 
[2024-03-28 14:12:52] local.ERROR: No application encryption key has been specified. {"exception":"[object] (Illuminate\\Encryption\\MissingAppKeyException(code: 0): No application encryption key has been specified. at E:\\Study\\Project\\DAK2\\adminlte\\vendor\\laravel\\framework\\src\\Illuminate\\Encryption\\EncryptionServiceProvider.php:83)
[stacktrace]
#0 E:\\Study\\Project\\DAK2\\adminlte\\vendor\\laravel\\framework\\src\\Illuminate\\Support\\helpers.php(345): Illuminate\\Encryption\\EncryptionServiceProvider->Illuminate\\Encryption\\{closure}()
#1 E:\\Study\\Project\\DAK2\\adminlte\\vendor\\laravel\\framework\\src\\Illuminate\\Encryption\\EncryptionServiceProvider.php(81): tap()
#2 E:\\Study\\Project\\DAK2\\adminlte\\vendor\\laravel\\framework\\src\\Illuminate\\Encryption\\EncryptionServiceProvider.php(64): Illuminate\\Encryption\\EncryptionServiceProvider->key()
#3 E:\\Study\\Project\\DAK2\\adminlte\\vendor\\laravel\\framework\\src\\Illuminate\\Encryption\\EncryptionServiceProvider.php(32): Illuminate\\Encryption\\EncryptionServiceProvider->parseKey()
#4 E:\\Study\\Project\\DAK2\\adminlte\\vendor\\laravel\\framework\\src\\Illuminate\\Container\\Container.php(900): Illuminate\\Encryption\\EncryptionServiceProvider->Illuminate\\Encryption\\{closure}()
#5 E:\\Study\\Project\\DAK2\\adminlte\\vendor\\laravel\\framework\\src\\Illuminate\\Container\\Container.php(787): Illuminate\\Container\\Container->build()
#6 E:\\Study\\Project\\DAK2\\adminlte\\vendor\\laravel\\framework\\src\\Illuminate\\Foundation\\Application.php(1026): Illuminate\\Container\\Container->resolve()
#7 E:\\Study\\Project\\DAK2\\adminlte\\vendor\\laravel\\framework\\src\\Illuminate\\Container\\Container.php(723): Illuminate\\Foundation\\Application->resolve()
#8 E:\\Study\\Project\\DAK2\\adminlte\\vendor\\laravel\\framework\\src\\Illuminate\\Foundation\\Application.php(1011): Illuminate\\Container\\Container->make()
#9 E:\\Study\\Project\\DAK2\\adminlte\\vendor\\laravel\\framework\\src\\Illuminate\\Container\\Container.php(1058): Illuminate\\Foundation\\Application->make()
#10 E:\\Study\\Project\\DAK2\\adminlte\\vendor\\laravel\\framework\\src\\Illuminate\\Container\\Container.php(974): Illuminate\\Container\\Container->resolveClass()
#11 E:\\Study\\Project\\DAK2\\adminlte\\vendor\\laravel\\framework\\src\\Illuminate\\Container\\Container.php(935): Illuminate\\Container\\Container->resolveDependencies()
#12 E:\\Study\\Project\\DAK2\\adminlte\\vendor\\laravel\\framework\\src\\Illuminate\\Container\\Container.php(787): Illuminate\\Container\\Container->build()
#13 E:\\Study\\Project\\DAK2\\adminlte\\vendor\\laravel\\framework\\src\\Illuminate\\Foundation\\Application.php(1026): Illuminate\\Container\\Container->resolve()
#14 E:\\Study\\Project\\DAK2\\adminlte\\vendor\\laravel\\framework\\src\\Illuminate\\Container\\Container.php(723): Illuminate\\Foundation\\Application->resolve()
#15 E:\\Study\\Project\\DAK2\\adminlte\\vendor\\laravel\\framework\\src\\Illuminate\\Foundation\\Application.php(1011): Illuminate\\Container\\Container->make()
#16 E:\\Study\\Project\\DAK2\\adminlte\\vendor\\laravel\\framework\\src\\Illuminate\\Pipeline\\Pipeline.php(172): Illuminate\\Foundation\\Application->make()
#17 E:\\Study\\Project\\DAK2\\adminlte\\vendor\\laravel\\framework\\src\\Illuminate\\Pipeline\\Pipeline.php(119): Illuminate\\Pipeline\\Pipeline->Illuminate\\Pipeline\\{closure}()
#18 E:\\Study\\Project\\DAK2\\adminlte\\vendor\\laravel\\framework\\src\\Illuminate\\Routing\\Router.php(805): Illuminate\\Pipeline\\Pipeline->then()
#19 E:\\Study\\Project\\DAK2\\adminlte\\vendor\\laravel\\framework\\src\\Illuminate\\Routing\\Router.php(784): Illuminate\\Routing\\Router->runRouteWithinStack()
#20 E:\\Study\\Project\\DAK2\\adminlte\\vendor\\laravel\\framework\\src\\Illuminate\\Routing\\Router.php(748): Illuminate\\Routing\\Router->runRoute()
#21 E:\\Study\\Project\\DAK2\\adminlte\\vendor\\laravel\\framework\\src\\Illuminate\\Routing\\Router.php(737): Illuminate\\Routing\\Router->dispatchToRoute()
#22 E:\\Study\\Project\\DAK2\\adminlte\\vendor\\laravel\\framework\\src\\Illuminate\\Foundation\\Http\\Kernel.php(200): Illuminate\\Routing\\Router->dispatch()
#23 E:\\Study\\Project\\DAK2\\adminlte\\vendor\\laravel\\framework\\src\\Illuminate\\Pipeline\\Pipeline.php(144): Illuminate\\Foundation\\Http\\Kernel->Illuminate\\Foundation\\Http\\{closure}()
#24 E:\\Study\\Project\\DAK2\\adminlte\\vendor\\laravel\\framework\\src\\Illuminate\\Foundation\\Http\\Middleware\\TransformsRequest.php(21): Illuminate\\Pipeline\\Pipeline->Illuminate\\Pipeline\\{closure}()
#25 E:\\Study\\Project\\DAK2\\adminlte\\vendor\\laravel\\framework\\src\\Illuminate\\Foundation\\Http\\Middleware\\ConvertEmptyStringsToNull.php(31): Illuminate\\Foundation\\Http\\Middleware\\TransformsRequest->handle()
#26 E:\\Study\\Project\\DAK2\\adminlte\\vendor\\laravel\\framework\\src\\Illuminate\\Pipeline\\Pipeline.php(183): Illuminate\\Foundation\\Http\\Middleware\\ConvertEmptyStringsToNull->handle()
#27 E:\\Study\\Project\\DAK2\\adminlte\\vendor\\laravel\\framework\\src\\Illuminate\\Foundation\\Http\\Middleware\\TransformsRequest.php(21): Illuminate\\Pipeline\\Pipeline->Illuminate\\Pipeline\\{closure}()
#28 E:\\Study\\Project\\DAK2\\adminlte\\vendor\\laravel\\framework\\src\\Illuminate\\Foundation\\Http\\Middleware\\TrimStrings.php(50): Illuminate\\Foundation\\Http\\Middleware\\TransformsRequest->handle()
#29 E:\\Study\\Project\\DAK2\\adminlte\\vendor\\laravel\\framework\\src\\Illuminate\\Pipeline\\Pipeline.php(183): Illuminate\\Foundation\\Http\\Middleware\\TrimStrings->handle()
#30 E:\\Study\\Project\\DAK2\\adminlte\\vendor\\laravel\\framework\\src\\Illuminate\\Http\\Middleware\\ValidatePostSize.php(27): Illuminate\\Pipeline\\Pipeline->Illuminate\\Pipeline\\{closure}()
#31 E:\\Study\\Project\\DAK2\\adminlte\\vendor\\laravel\\framework\\src\\Illuminate\\Pipeline\\Pipeline.php(183): Illuminate\\Http\\Middleware\\ValidatePostSize->handle()
#32 E:\\Study\\Project\\DAK2\\adminlte\\vendor\\laravel\\framework\\src\\Illuminate\\Foundation\\Http\\Middleware\\PreventRequestsDuringMaintenance.php(110): Illuminate\\Pipeline\\Pipeline->Illuminate\\Pipeline\\{closure}()
#33 E:\\Study\\Project\\DAK2\\adminlte\\vendor\\laravel\\framework\\src\\Illuminate\\Pipeline\\Pipeline.php(183): Illuminate\\Foundation\\Http\\Middleware\\PreventRequestsDuringMaintenance->handle()
#34 E:\\Study\\Project\\DAK2\\adminlte\\vendor\\laravel\\framework\\src\\Illuminate\\Http\\Middleware\\HandleCors.php(49): Illuminate\\Pipeline\\Pipeline->Illuminate\\Pipeline\\{closure}()
#35 E:\\Study\\Project\\DAK2\\adminlte\\vendor\\laravel\\framework\\src\\Illuminate\\Pipeline\\Pipeline.php(183): Illuminate\\Http\\Middleware\\HandleCors->handle()
#36 E:\\Study\\Project\\DAK2\\adminlte\\vendor\\laravel\\framework\\src\\Illuminate\\Http\\Middleware\\TrustProxies.php(57): Illuminate\\Pipeline\\Pipeline->Illuminate\\Pipeline\\{closure}()
#37 E:\\Study\\Project\\DAK2\\adminlte\\vendor\\laravel\\framework\\src\\Illuminate\\Pipeline\\Pipeline.php(183): Illuminate\\Http\\Middleware\\TrustProxies->handle()
#38 E:\\Study\\Project\\DAK2\\adminlte\\vendor\\laravel\\framework\\src\\Illuminate\\Pipeline\\Pipeline.php(119): Illuminate\\Pipeline\\Pipeline->Illuminate\\Pipeline\\{closure}()
#39 E:\\Study\\Project\\DAK2\\adminlte\\vendor\\laravel\\framework\\src\\Illuminate\\Foundation\\Http\\Kernel.php(175): Illuminate\\Pipeline\\Pipeline->then()
#40 E:\\Study\\Project\\DAK2\\adminlte\\vendor\\laravel\\framework\\src\\Illuminate\\Foundation\\Http\\Kernel.php(144): Illuminate\\Foundation\\Http\\Kernel->sendRequestThroughRouter()
#41 E:\\Study\\Project\\DAK2\\adminlte\\vendor\\laravel\\framework\\src\\Illuminate\\Foundation\\Application.php(1168): Illuminate\\Foundation\\Http\\Kernel->handle()
#42 E:\\Study\\Project\\DAK2\\adminlte\\public\\index.php(17): Illuminate\\Foundation\\Application->handleRequest()
#43 E:\\Study\\Project\\DAK2\\adminlte\\vendor\\laravel\\framework\\src\\Illuminate\\Foundation\\resources\\server.php(16): require_once('...')
#44 {main}
"} 
[2024-03-28 14:12:53] local.ERROR: No application encryption key has been specified. {"exception":"[object] (Illuminate\\Encryption\\MissingAppKeyException(code: 0): No application encryption key has been specified. at E:\\Study\\Project\\DAK2\\adminlte\\vendor\\laravel\\framework\\src\\Illuminate\\Encryption\\EncryptionServiceProvider.php:83)
[stacktrace]
#0 E:\\Study\\Project\\DAK2\\adminlte\\vendor\\laravel\\framework\\src\\Illuminate\\Support\\helpers.php(345): Illuminate\\Encryption\\EncryptionServiceProvider->Illuminate\\Encryption\\{closure}()
#1 E:\\Study\\Project\\DAK2\\adminlte\\vendor\\laravel\\framework\\src\\Illuminate\\Encryption\\EncryptionServiceProvider.php(81): tap()
#2 E:\\Study\\Project\\DAK2\\adminlte\\vendor\\laravel\\framework\\src\\Illuminate\\Encryption\\EncryptionServiceProvider.php(64): Illuminate\\Encryption\\EncryptionServiceProvider->key()
#3 E:\\Study\\Project\\DAK2\\adminlte\\vendor\\laravel\\framework\\src\\Illuminate\\Encryption\\EncryptionServiceProvider.php(32): Illuminate\\Encryption\\EncryptionServiceProvider->parseKey()
#4 E:\\Study\\Project\\DAK2\\adminlte\\vendor\\laravel\\framework\\src\\Illuminate\\Container\\Container.php(900): Illuminate\\Encryption\\EncryptionServiceProvider->Illuminate\\Encryption\\{closure}()
#5 E:\\Study\\Project\\DAK2\\adminlte\\vendor\\laravel\\framework\\src\\Illuminate\\Container\\Container.php(787): Illuminate\\Container\\Container->build()
#6 E:\\Study\\Project\\DAK2\\adminlte\\vendor\\laravel\\framework\\src\\Illuminate\\Foundation\\Application.php(1026): Illuminate\\Container\\Container->resolve()
#7 E:\\Study\\Project\\DAK2\\adminlte\\vendor\\laravel\\framework\\src\\Illuminate\\Container\\Container.php(723): Illuminate\\Foundation\\Application->resolve()
#8 E:\\Study\\Project\\DAK2\\adminlte\\vendor\\laravel\\framework\\src\\Illuminate\\Foundation\\Application.php(1011): Illuminate\\Container\\Container->make()
#9 E:\\Study\\Project\\DAK2\\adminlte\\vendor\\laravel\\framework\\src\\Illuminate\\Container\\Container.php(1058): Illuminate\\Foundation\\Application->make()
#10 E:\\Study\\Project\\DAK2\\adminlte\\vendor\\laravel\\framework\\src\\Illuminate\\Container\\Container.php(974): Illuminate\\Container\\Container->resolveClass()
#11 E:\\Study\\Project\\DAK2\\adminlte\\vendor\\laravel\\framework\\src\\Illuminate\\Container\\Container.php(935): Illuminate\\Container\\Container->resolveDependencies()
#12 E:\\Study\\Project\\DAK2\\adminlte\\vendor\\laravel\\framework\\src\\Illuminate\\Container\\Container.php(787): Illuminate\\Container\\Container->build()
#13 E:\\Study\\Project\\DAK2\\adminlte\\vendor\\laravel\\framework\\src\\Illuminate\\Foundation\\Application.php(1026): Illuminate\\Container\\Container->resolve()
#14 E:\\Study\\Project\\DAK2\\adminlte\\vendor\\laravel\\framework\\src\\Illuminate\\Container\\Container.php(723): Illuminate\\Foundation\\Application->resolve()
#15 E:\\Study\\Project\\DAK2\\adminlte\\vendor\\laravel\\framework\\src\\Illuminate\\Foundation\\Application.php(1011): Illuminate\\Container\\Container->make()
#16 E:\\Study\\Project\\DAK2\\adminlte\\vendor\\laravel\\framework\\src\\Illuminate\\Foundation\\Http\\Kernel.php(255): Illuminate\\Foundation\\Application->make()
#17 E:\\Study\\Project\\DAK2\\adminlte\\vendor\\laravel\\framework\\src\\Illuminate\\Foundation\\Http\\Kernel.php(213): Illuminate\\Foundation\\Http\\Kernel->terminateMiddleware()
#18 E:\\Study\\Project\\DAK2\\adminlte\\vendor\\laravel\\framework\\src\\Illuminate\\Foundation\\Application.php(1170): Illuminate\\Foundation\\Http\\Kernel->terminate()
#19 E:\\Study\\Project\\DAK2\\adminlte\\public\\index.php(17): Illuminate\\Foundation\\Application->handleRequest()
#20 E:\\Study\\Project\\DAK2\\adminlte\\vendor\\laravel\\framework\\src\\Illuminate\\Foundation\\resources\\server.php(16): require_once('...')
#21 {main}
"} 
[2024-03-28 14:13:11] local.ERROR: SQLSTATE[HY000] [2002] No connection could be made because the target machine actively refused it (Connection: mysql, SQL: select * from `sessions` where `id` = b4kQp2rABO9D8mPd35W1mnD7n95esKOyMF3M8OsA limit 1) {"exception":"[object] (Illuminate\\Database\\QueryException(code: 2002): SQLSTATE[HY000] [2002] No connection could be made because the target machine actively refused it (Connection: mysql, SQL: select * from `sessions` where `id` = b4kQp2rABO9D8mPd35W1mnD7n95esKOyMF3M8OsA limit 1) at E:\\Study\\Project\\DAK2\\adminlte\\vendor\\laravel\\framework\\src\\Illuminate\\Database\\Connection.php:813)
[stacktrace]
#0 E:\\Study\\Project\\DAK2\\adminlte\\vendor\\laravel\\framework\\src\\Illuminate\\Database\\Connection.php(967): Illuminate\\Database\\Connection->runQueryCallback()
#1 E:\\Study\\Project\\DAK2\\adminlte\\vendor\\laravel\\framework\\src\\Illuminate\\Database\\Connection.php(946): Illuminate\\Database\\Connection->tryAgainIfCausedByLostConnection()
#2 E:\\Study\\Project\\DAK2\\adminlte\\vendor\\laravel\\framework\\src\\Illuminate\\Database\\Connection.php(769): Illuminate\\Database\\Connection->handleQueryException()
#3 E:\\Study\\Project\\DAK2\\adminlte\\vendor\\laravel\\framework\\src\\Illuminate\\Database\\Connection.php(398): Illuminate\\Database\\Connection->run()
#4 E:\\Study\\Project\\DAK2\\adminlte\\vendor\\laravel\\framework\\src\\Illuminate\\Database\\Query\\Builder.php(2899): Illuminate\\Database\\Connection->select()
#5 E:\\Study\\Project\\DAK2\\adminlte\\vendor\\laravel\\framework\\src\\Illuminate\\Database\\Query\\Builder.php(2884): Illuminate\\Database\\Query\\Builder->runSelect()
#6 E:\\Study\\Project\\DAK2\\adminlte\\vendor\\laravel\\framework\\src\\Illuminate\\Database\\Query\\Builder.php(3468): Illuminate\\Database\\Query\\Builder->Illuminate\\Database\\Query\\{closure}()
#7 E:\\Study\\Project\\DAK2\\adminlte\\vendor\\laravel\\framework\\src\\Illuminate\\Database\\Query\\Builder.php(2883): Illuminate\\Database\\Query\\Builder->onceWithColumns()
#8 E:\\Study\\Project\\DAK2\\adminlte\\vendor\\laravel\\framework\\src\\Illuminate\\Database\\Concerns\\BuildsQueries.php(333): Illuminate\\Database\\Query\\Builder->get()
#9 E:\\Study\\Project\\DAK2\\adminlte\\vendor\\laravel\\framework\\src\\Illuminate\\Database\\Query\\Builder.php(2806): Illuminate\\Database\\Query\\Builder->first()
#10 E:\\Study\\Project\\DAK2\\adminlte\\vendor\\laravel\\framework\\src\\Illuminate\\Session\\DatabaseSessionHandler.php(97): Illuminate\\Database\\Query\\Builder->find()
#11 E:\\Study\\Project\\DAK2\\adminlte\\vendor\\laravel\\framework\\src\\Illuminate\\Session\\Store.php(113): Illuminate\\Session\\DatabaseSessionHandler->read()
#12 E:\\Study\\Project\\DAK2\\adminlte\\vendor\\laravel\\framework\\src\\Illuminate\\Session\\Store.php(101): Illuminate\\Session\\Store->readFromHandler()
#13 E:\\Study\\Project\\DAK2\\adminlte\\vendor\\laravel\\framework\\src\\Illuminate\\Session\\Store.php(85): Illuminate\\Session\\Store->loadSession()
#14 E:\\Study\\Project\\DAK2\\adminlte\\vendor\\laravel\\framework\\src\\Illuminate\\Session\\Middleware\\StartSession.php(147): Illuminate\\Session\\Store->start()
#15 E:\\Study\\Project\\DAK2\\adminlte\\vendor\\laravel\\framework\\src\\Illuminate\\Support\\helpers.php(345): Illuminate\\Session\\Middleware\\StartSession->Illuminate\\Session\\Middleware\\{closure}()
#16 E:\\Study\\Project\\DAK2\\adminlte\\vendor\\laravel\\framework\\src\\Illuminate\\Session\\Middleware\\StartSession.php(144): tap()
#17 E:\\Study\\Project\\DAK2\\adminlte\\vendor\\laravel\\framework\\src\\Illuminate\\Session\\Middleware\\StartSession.php(116): Illuminate\\Session\\Middleware\\StartSession->startSession()
#18 E:\\Study\\Project\\DAK2\\adminlte\\vendor\\laravel\\framework\\src\\Illuminate\\Session\\Middleware\\StartSession.php(64): Illuminate\\Session\\Middleware\\StartSession->handleStatefulRequest()
#19 E:\\Study\\Project\\DAK2\\adminlte\\vendor\\laravel\\framework\\src\\Illuminate\\Pipeline\\Pipeline.php(183): Illuminate\\Session\\Middleware\\StartSession->handle()
#20 E:\\Study\\Project\\DAK2\\adminlte\\vendor\\laravel\\framework\\src\\Illuminate\\Cookie\\Middleware\\AddQueuedCookiesToResponse.php(37): Illuminate\\Pipeline\\Pipeline->Illuminate\\Pipeline\\{closure}()
#21 E:\\Study\\Project\\DAK2\\adminlte\\vendor\\laravel\\framework\\src\\Illuminate\\Pipeline\\Pipeline.php(183): Illuminate\\Cookie\\Middleware\\AddQueuedCookiesToResponse->handle()
#22 E:\\Study\\Project\\DAK2\\adminlte\\vendor\\laravel\\framework\\src\\Illuminate\\Cookie\\Middleware\\EncryptCookies.php(75): Illuminate\\Pipeline\\Pipeline->Illuminate\\Pipeline\\{closure}()
#23 E:\\Study\\Project\\DAK2\\adminlte\\vendor\\laravel\\framework\\src\\Illuminate\\Pipeline\\Pipeline.php(183): Illuminate\\Cookie\\Middleware\\EncryptCookies->handle()
#24 E:\\Study\\Project\\DAK2\\adminlte\\vendor\\laravel\\framework\\src\\Illuminate\\Pipeline\\Pipeline.php(119): Illuminate\\Pipeline\\Pipeline->Illuminate\\Pipeline\\{closure}()
#25 E:\\Study\\Project\\DAK2\\adminlte\\vendor\\laravel\\framework\\src\\Illuminate\\Routing\\Router.php(805): Illuminate\\Pipeline\\Pipeline->then()
#26 E:\\Study\\Project\\DAK2\\adminlte\\vendor\\laravel\\framework\\src\\Illuminate\\Routing\\Router.php(784): Illuminate\\Routing\\Router->runRouteWithinStack()
#27 E:\\Study\\Project\\DAK2\\adminlte\\vendor\\laravel\\framework\\src\\Illuminate\\Routing\\Router.php(748): Illuminate\\Routing\\Router->runRoute()
#28 E:\\Study\\Project\\DAK2\\adminlte\\vendor\\laravel\\framework\\src\\Illuminate\\Routing\\Router.php(737): Illuminate\\Routing\\Router->dispatchToRoute()
#29 E:\\Study\\Project\\DAK2\\adminlte\\vendor\\laravel\\framework\\src\\Illuminate\\Foundation\\Http\\Kernel.php(200): Illuminate\\Routing\\Router->dispatch()
#30 E:\\Study\\Project\\DAK2\\adminlte\\vendor\\laravel\\framework\\src\\Illuminate\\Pipeline\\Pipeline.php(144): Illuminate\\Foundation\\Http\\Kernel->Illuminate\\Foundation\\Http\\{closure}()
#31 E:\\Study\\Project\\DAK2\\adminlte\\vendor\\laravel\\framework\\src\\Illuminate\\Foundation\\Http\\Middleware\\TransformsRequest.php(21): Illuminate\\Pipeline\\Pipeline->Illuminate\\Pipeline\\{closure}()
#32 E:\\Study\\Project\\DAK2\\adminlte\\vendor\\laravel\\framework\\src\\Illuminate\\Foundation\\Http\\Middleware\\ConvertEmptyStringsToNull.php(31): Illuminate\\Foundation\\Http\\Middleware\\TransformsRequest->handle()
#33 E:\\Study\\Project\\DAK2\\adminlte\\vendor\\laravel\\framework\\src\\Illuminate\\Pipeline\\Pipeline.php(183): Illuminate\\Foundation\\Http\\Middleware\\ConvertEmptyStringsToNull->handle()
#34 E:\\Study\\Project\\DAK2\\adminlte\\vendor\\laravel\\framework\\src\\Illuminate\\Foundation\\Http\\Middleware\\TransformsRequest.php(21): Illuminate\\Pipeline\\Pipeline->Illuminate\\Pipeline\\{closure}()
#35 E:\\Study\\Project\\DAK2\\adminlte\\vendor\\laravel\\framework\\src\\Illuminate\\Foundation\\Http\\Middleware\\TrimStrings.php(50): Illuminate\\Foundation\\Http\\Middleware\\TransformsRequest->handle()
#36 E:\\Study\\Project\\DAK2\\adminlte\\vendor\\laravel\\framework\\src\\Illuminate\\Pipeline\\Pipeline.php(183): Illuminate\\Foundation\\Http\\Middleware\\TrimStrings->handle()
#37 E:\\Study\\Project\\DAK2\\adminlte\\vendor\\laravel\\framework\\src\\Illuminate\\Http\\Middleware\\ValidatePostSize.php(27): Illuminate\\Pipeline\\Pipeline->Illuminate\\Pipeline\\{closure}()
#38 E:\\Study\\Project\\DAK2\\adminlte\\vendor\\laravel\\framework\\src\\Illuminate\\Pipeline\\Pipeline.php(183): Illuminate\\Http\\Middleware\\ValidatePostSize->handle()
#39 E:\\Study\\Project\\DAK2\\adminlte\\vendor\\laravel\\framework\\src\\Illuminate\\Foundation\\Http\\Middleware\\PreventRequestsDuringMaintenance.php(110): Illuminate\\Pipeline\\Pipeline->Illuminate\\Pipeline\\{closure}()
#40 E:\\Study\\Project\\DAK2\\adminlte\\vendor\\laravel\\framework\\src\\Illuminate\\Pipeline\\Pipeline.php(183): Illuminate\\Foundation\\Http\\Middleware\\PreventRequestsDuringMaintenance->handle()
#41 E:\\Study\\Project\\DAK2\\adminlte\\vendor\\laravel\\framework\\src\\Illuminate\\Http\\Middleware\\HandleCors.php(49): Illuminate\\Pipeline\\Pipeline->Illuminate\\Pipeline\\{closure}()
#42 E:\\Study\\Project\\DAK2\\adminlte\\vendor\\laravel\\framework\\src\\Illuminate\\Pipeline\\Pipeline.php(183): Illuminate\\Http\\Middleware\\HandleCors->handle()
#43 E:\\Study\\Project\\DAK2\\adminlte\\vendor\\laravel\\framework\\src\\Illuminate\\Http\\Middleware\\TrustProxies.php(57): Illuminate\\Pipeline\\Pipeline->Illuminate\\Pipeline\\{closure}()
#44 E:\\Study\\Project\\DAK2\\adminlte\\vendor\\laravel\\framework\\src\\Illuminate\\Pipeline\\Pipeline.php(183): Illuminate\\Http\\Middleware\\TrustProxies->handle()
#45 E:\\Study\\Project\\DAK2\\adminlte\\vendor\\laravel\\framework\\src\\Illuminate\\Pipeline\\Pipeline.php(119): Illuminate\\Pipeline\\Pipeline->Illuminate\\Pipeline\\{closure}()
#46 E:\\Study\\Project\\DAK2\\adminlte\\vendor\\laravel\\framework\\src\\Illuminate\\Foundation\\Http\\Kernel.php(175): Illuminate\\Pipeline\\Pipeline->then()
#47 E:\\Study\\Project\\DAK2\\adminlte\\vendor\\laravel\\framework\\src\\Illuminate\\Foundation\\Http\\Kernel.php(144): Illuminate\\Foundation\\Http\\Kernel->sendRequestThroughRouter()
#48 E:\\Study\\Project\\DAK2\\adminlte\\vendor\\laravel\\framework\\src\\Illuminate\\Foundation\\Application.php(1168): Illuminate\\Foundation\\Http\\Kernel->handle()
#49 E:\\Study\\Project\\DAK2\\adminlte\\public\\index.php(17): Illuminate\\Foundation\\Application->handleRequest()
#50 E:\\Study\\Project\\DAK2\\adminlte\\vendor\\laravel\\framework\\src\\Illuminate\\Foundation\\resources\\server.php(16): require_once('...')
#51 {main}

[previous exception] [object] (PDOException(code: 2002): SQLSTATE[HY000] [2002] No connection could be made because the target machine actively refused it at E:\\Study\\Project\\DAK2\\adminlte\\vendor\\laravel\\framework\\src\\Illuminate\\Database\\Connectors\\Connector.php:65)
[stacktrace]
#0 E:\\Study\\Project\\DAK2\\adminlte\\vendor\\laravel\\framework\\src\\Illuminate\\Database\\Connectors\\Connector.php(65): PDO->__construct()
#1 E:\\Study\\Project\\DAK2\\adminlte\\vendor\\laravel\\framework\\src\\Illuminate\\Database\\Connectors\\Connector.php(83): Illuminate\\Database\\Connectors\\Connector->createPdoConnection()
#2 E:\\Study\\Project\\DAK2\\adminlte\\vendor\\laravel\\framework\\src\\Illuminate\\Database\\Connectors\\Connector.php(48): Illuminate\\Database\\Connectors\\Connector->tryAgainIfCausedByLostConnection()
#3 E:\\Study\\Project\\DAK2\\adminlte\\vendor\\laravel\\framework\\src\\Illuminate\\Database\\Connectors\\MySqlConnector.php(24): Illuminate\\Database\\Connectors\\Connector->createConnection()
#4 E:\\Study\\Project\\DAK2\\adminlte\\vendor\\laravel\\framework\\src\\Illuminate\\Database\\Connectors\\ConnectionFactory.php(185): Illuminate\\Database\\Connectors\\MySqlConnector->connect()
#5 [internal function]: Illuminate\\Database\\Connectors\\ConnectionFactory->Illuminate\\Database\\Connectors\\{closure}()
#6 E:\\Study\\Project\\DAK2\\adminlte\\vendor\\laravel\\framework\\src\\Illuminate\\Database\\Connection.php(1219): call_user_func()
#7 E:\\Study\\Project\\DAK2\\adminlte\\vendor\\laravel\\framework\\src\\Illuminate\\Database\\Connection.php(1255): Illuminate\\Database\\Connection->getPdo()
#8 E:\\Study\\Project\\DAK2\\adminlte\\vendor\\laravel\\framework\\src\\Illuminate\\Database\\Connection.php(512): Illuminate\\Database\\Connection->getReadPdo()
#9 E:\\Study\\Project\\DAK2\\adminlte\\vendor\\laravel\\framework\\src\\Illuminate\\Database\\Connection.php(407): Illuminate\\Database\\Connection->getPdoForSelect()
#10 E:\\Study\\Project\\DAK2\\adminlte\\vendor\\laravel\\framework\\src\\Illuminate\\Database\\Connection.php(800): Illuminate\\Database\\Connection->Illuminate\\Database\\{closure}()
#11 E:\\Study\\Project\\DAK2\\adminlte\\vendor\\laravel\\framework\\src\\Illuminate\\Database\\Connection.php(967): Illuminate\\Database\\Connection->runQueryCallback()
#12 E:\\Study\\Project\\DAK2\\adminlte\\vendor\\laravel\\framework\\src\\Illuminate\\Database\\Connection.php(946): Illuminate\\Database\\Connection->tryAgainIfCausedByLostConnection()
#13 E:\\Study\\Project\\DAK2\\adminlte\\vendor\\laravel\\framework\\src\\Illuminate\\Database\\Connection.php(769): Illuminate\\Database\\Connection->handleQueryException()
#14 E:\\Study\\Project\\DAK2\\adminlte\\vendor\\laravel\\framework\\src\\Illuminate\\Database\\Connection.php(398): Illuminate\\Database\\Connection->run()
#15 E:\\Study\\Project\\DAK2\\adminlte\\vendor\\laravel\\framework\\src\\Illuminate\\Database\\Query\\Builder.php(2899): Illuminate\\Database\\Connection->select()
#16 E:\\Study\\Project\\DAK2\\adminlte\\vendor\\laravel\\framework\\src\\Illuminate\\Database\\Query\\Builder.php(2884): Illuminate\\Database\\Query\\Builder->runSelect()
#17 E:\\Study\\Project\\DAK2\\adminlte\\vendor\\laravel\\framework\\src\\Illuminate\\Database\\Query\\Builder.php(3468): Illuminate\\Database\\Query\\Builder->Illuminate\\Database\\Query\\{closure}()
#18 E:\\Study\\Project\\DAK2\\adminlte\\vendor\\laravel\\framework\\src\\Illuminate\\Database\\Query\\Builder.php(2883): Illuminate\\Database\\Query\\Builder->onceWithColumns()
#19 E:\\Study\\Project\\DAK2\\adminlte\\vendor\\laravel\\framework\\src\\Illuminate\\Database\\Concerns\\BuildsQueries.php(333): Illuminate\\Database\\Query\\Builder->get()
#20 E:\\Study\\Project\\DAK2\\adminlte\\vendor\\laravel\\framework\\src\\Illuminate\\Database\\Query\\Builder.php(2806): Illuminate\\Database\\Query\\Builder->first()
#21 E:\\Study\\Project\\DAK2\\adminlte\\vendor\\laravel\\framework\\src\\Illuminate\\Session\\DatabaseSessionHandler.php(97): Illuminate\\Database\\Query\\Builder->find()
#22 E:\\Study\\Project\\DAK2\\adminlte\\vendor\\laravel\\framework\\src\\Illuminate\\Session\\Store.php(113): Illuminate\\Session\\DatabaseSessionHandler->read()
#23 E:\\Study\\Project\\DAK2\\adminlte\\vendor\\laravel\\framework\\src\\Illuminate\\Session\\Store.php(101): Illuminate\\Session\\Store->readFromHandler()
#24 E:\\Study\\Project\\DAK2\\adminlte\\vendor\\laravel\\framework\\src\\Illuminate\\Session\\Store.php(85): Illuminate\\Session\\Store->loadSession()
#25 E:\\Study\\Project\\DAK2\\adminlte\\vendor\\laravel\\framework\\src\\Illuminate\\Session\\Middleware\\StartSession.php(147): Illuminate\\Session\\Store->start()
#26 E:\\Study\\Project\\DAK2\\adminlte\\vendor\\laravel\\framework\\src\\Illuminate\\Support\\helpers.php(345): Illuminate\\Session\\Middleware\\StartSession->Illuminate\\Session\\Middleware\\{closure}()
#27 E:\\Study\\Project\\DAK2\\adminlte\\vendor\\laravel\\framework\\src\\Illuminate\\Session\\Middleware\\StartSession.php(144): tap()
#28 E:\\Study\\Project\\DAK2\\adminlte\\vendor\\laravel\\framework\\src\\Illuminate\\Session\\Middleware\\StartSession.php(116): Illuminate\\Session\\Middleware\\StartSession->startSession()
#29 E:\\Study\\Project\\DAK2\\adminlte\\vendor\\laravel\\framework\\src\\Illuminate\\Session\\Middleware\\StartSession.php(64): Illuminate\\Session\\Middleware\\StartSession->handleStatefulRequest()
#30 E:\\Study\\Project\\DAK2\\adminlte\\vendor\\laravel\\framework\\src\\Illuminate\\Pipeline\\Pipeline.php(183): Illuminate\\Session\\Middleware\\StartSession->handle()
#31 E:\\Study\\Project\\DAK2\\adminlte\\vendor\\laravel\\framework\\src\\Illuminate\\Cookie\\Middleware\\AddQueuedCookiesToResponse.php(37): Illuminate\\Pipeline\\Pipeline->Illuminate\\Pipeline\\{closure}()
#32 E:\\Study\\Project\\DAK2\\adminlte\\vendor\\laravel\\framework\\src\\Illuminate\\Pipeline\\Pipeline.php(183): Illuminate\\Cookie\\Middleware\\AddQueuedCookiesToResponse->handle()
#33 E:\\Study\\Project\\DAK2\\adminlte\\vendor\\laravel\\framework\\src\\Illuminate\\Cookie\\Middleware\\EncryptCookies.php(75): Illuminate\\Pipeline\\Pipeline->Illuminate\\Pipeline\\{closure}()
#34 E:\\Study\\Project\\DAK2\\adminlte\\vendor\\laravel\\framework\\src\\Illuminate\\Pipeline\\Pipeline.php(183): Illuminate\\Cookie\\Middleware\\EncryptCookies->handle()
#35 E:\\Study\\Project\\DAK2\\adminlte\\vendor\\laravel\\framework\\src\\Illuminate\\Pipeline\\Pipeline.php(119): Illuminate\\Pipeline\\Pipeline->Illuminate\\Pipeline\\{closure}()
#36 E:\\Study\\Project\\DAK2\\adminlte\\vendor\\laravel\\framework\\src\\Illuminate\\Routing\\Router.php(805): Illuminate\\Pipeline\\Pipeline->then()
#37 E:\\Study\\Project\\DAK2\\adminlte\\vendor\\laravel\\framework\\src\\Illuminate\\Routing\\Router.php(784): Illuminate\\Routing\\Router->runRouteWithinStack()
#38 E:\\Study\\Project\\DAK2\\adminlte\\vendor\\laravel\\framework\\src\\Illuminate\\Routing\\Router.php(748): Illuminate\\Routing\\Router->runRoute()
#39 E:\\Study\\Project\\DAK2\\adminlte\\vendor\\laravel\\framework\\src\\Illuminate\\Routing\\Router.php(737): Illuminate\\Routing\\Router->dispatchToRoute()
#40 E:\\Study\\Project\\DAK2\\adminlte\\vendor\\laravel\\framework\\src\\Illuminate\\Foundation\\Http\\Kernel.php(200): Illuminate\\Routing\\Router->dispatch()
#41 E:\\Study\\Project\\DAK2\\adminlte\\vendor\\laravel\\framework\\src\\Illuminate\\Pipeline\\Pipeline.php(144): Illuminate\\Foundation\\Http\\Kernel->Illuminate\\Foundation\\Http\\{closure}()
#42 E:\\Study\\Project\\DAK2\\adminlte\\vendor\\laravel\\framework\\src\\Illuminate\\Foundation\\Http\\Middleware\\TransformsRequest.php(21): Illuminate\\Pipeline\\Pipeline->Illuminate\\Pipeline\\{closure}()
#43 E:\\Study\\Project\\DAK2\\adminlte\\vendor\\laravel\\framework\\src\\Illuminate\\Foundation\\Http\\Middleware\\ConvertEmptyStringsToNull.php(31): Illuminate\\Foundation\\Http\\Middleware\\TransformsRequest->handle()
#44 E:\\Study\\Project\\DAK2\\adminlte\\vendor\\laravel\\framework\\src\\Illuminate\\Pipeline\\Pipeline.php(183): Illuminate\\Foundation\\Http\\Middleware\\ConvertEmptyStringsToNull->handle()
#45 E:\\Study\\Project\\DAK2\\adminlte\\vendor\\laravel\\framework\\src\\Illuminate\\Foundation\\Http\\Middleware\\TransformsRequest.php(21): Illuminate\\Pipeline\\Pipeline->Illuminate\\Pipeline\\{closure}()
#46 E:\\Study\\Project\\DAK2\\adminlte\\vendor\\laravel\\framework\\src\\Illuminate\\Foundation\\Http\\Middleware\\TrimStrings.php(50): Illuminate\\Foundation\\Http\\Middleware\\TransformsRequest->handle()
#47 E:\\Study\\Project\\DAK2\\adminlte\\vendor\\laravel\\framework\\src\\Illuminate\\Pipeline\\Pipeline.php(183): Illuminate\\Foundation\\Http\\Middleware\\TrimStrings->handle()
#48 E:\\Study\\Project\\DAK2\\adminlte\\vendor\\laravel\\framework\\src\\Illuminate\\Http\\Middleware\\ValidatePostSize.php(27): Illuminate\\Pipeline\\Pipeline->Illuminate\\Pipeline\\{closure}()
#49 E:\\Study\\Project\\DAK2\\adminlte\\vendor\\laravel\\framework\\src\\Illuminate\\Pipeline\\Pipeline.php(183): Illuminate\\Http\\Middleware\\ValidatePostSize->handle()
#50 E:\\Study\\Project\\DAK2\\adminlte\\vendor\\laravel\\framework\\src\\Illuminate\\Foundation\\Http\\Middleware\\PreventRequestsDuringMaintenance.php(110): Illuminate\\Pipeline\\Pipeline->Illuminate\\Pipeline\\{closure}()
#51 E:\\Study\\Project\\DAK2\\adminlte\\vendor\\laravel\\framework\\src\\Illuminate\\Pipeline\\Pipeline.php(183): Illuminate\\Foundation\\Http\\Middleware\\PreventRequestsDuringMaintenance->handle()
#52 E:\\Study\\Project\\DAK2\\adminlte\\vendor\\laravel\\framework\\src\\Illuminate\\Http\\Middleware\\HandleCors.php(49): Illuminate\\Pipeline\\Pipeline->Illuminate\\Pipeline\\{closure}()
#53 E:\\Study\\Project\\DAK2\\adminlte\\vendor\\laravel\\framework\\src\\Illuminate\\Pipeline\\Pipeline.php(183): Illuminate\\Http\\Middleware\\HandleCors->handle()
#54 E:\\Study\\Project\\DAK2\\adminlte\\vendor\\laravel\\framework\\src\\Illuminate\\Http\\Middleware\\TrustProxies.php(57): Illuminate\\Pipeline\\Pipeline->Illuminate\\Pipeline\\{closure}()
#55 E:\\Study\\Project\\DAK2\\adminlte\\vendor\\laravel\\framework\\src\\Illuminate\\Pipeline\\Pipeline.php(183): Illuminate\\Http\\Middleware\\TrustProxies->handle()
#56 E:\\Study\\Project\\DAK2\\adminlte\\vendor\\laravel\\framework\\src\\Illuminate\\Pipeline\\Pipeline.php(119): Illuminate\\Pipeline\\Pipeline->Illuminate\\Pipeline\\{closure}()
#57 E:\\Study\\Project\\DAK2\\adminlte\\vendor\\laravel\\framework\\src\\Illuminate\\Foundation\\Http\\Kernel.php(175): Illuminate\\Pipeline\\Pipeline->then()
#58 E:\\Study\\Project\\DAK2\\adminlte\\vendor\\laravel\\framework\\src\\Illuminate\\Foundation\\Http\\Kernel.php(144): Illuminate\\Foundation\\Http\\Kernel->sendRequestThroughRouter()
#59 E:\\Study\\Project\\DAK2\\adminlte\\vendor\\laravel\\framework\\src\\Illuminate\\Foundation\\Application.php(1168): Illuminate\\Foundation\\Http\\Kernel->handle()
#60 E:\\Study\\Project\\DAK2\\adminlte\\public\\index.php(17): Illuminate\\Foundation\\Application->handleRequest()
#61 E:\\Study\\Project\\DAK2\\adminlte\\vendor\\laravel\\framework\\src\\Illuminate\\Foundation\\resources\\server.php(16): require_once('...')
#62 {main}
"} 
[2024-03-28 14:13:55] local.ERROR: SQLSTATE[HY000] [2002] No connection could be made because the target machine actively refused it (Connection: mysql, SQL: select table_name as `name`, (data_length + index_length) as `size`, table_comment as `comment`, engine as `engine`, table_collation as `collation` from information_schema.tables where table_schema = 'huunghia' and table_type in ('BASE TABLE', 'SYSTEM VERSIONED') order by table_name) {"exception":"[object] (Illuminate\\Database\\QueryException(code: 2002): SQLSTATE[HY000] [2002] No connection could be made because the target machine actively refused it (Connection: mysql, SQL: select table_name as `name`, (data_length + index_length) as `size`, table_comment as `comment`, engine as `engine`, table_collation as `collation` from information_schema.tables where table_schema = 'huunghia' and table_type in ('BASE TABLE', 'SYSTEM VERSIONED') order by table_name) at E:\\Study\\Project\\DAK2\\adminlte\\vendor\\laravel\\framework\\src\\Illuminate\\Database\\Connection.php:813)
[stacktrace]
#0 E:\\Study\\Project\\DAK2\\adminlte\\vendor\\laravel\\framework\\src\\Illuminate\\Database\\Connection.php(967): Illuminate\\Database\\Connection->runQueryCallback()
#1 E:\\Study\\Project\\DAK2\\adminlte\\vendor\\laravel\\framework\\src\\Illuminate\\Database\\Connection.php(946): Illuminate\\Database\\Connection->tryAgainIfCausedByLostConnection()
#2 E:\\Study\\Project\\DAK2\\adminlte\\vendor\\laravel\\framework\\src\\Illuminate\\Database\\Connection.php(769): Illuminate\\Database\\Connection->handleQueryException()
#3 E:\\Study\\Project\\DAK2\\adminlte\\vendor\\laravel\\framework\\src\\Illuminate\\Database\\Connection.php(398): Illuminate\\Database\\Connection->run()
#4 E:\\Study\\Project\\DAK2\\adminlte\\vendor\\laravel\\framework\\src\\Illuminate\\Database\\Connection.php(385): Illuminate\\Database\\Connection->select()
#5 E:\\Study\\Project\\DAK2\\adminlte\\vendor\\laravel\\framework\\src\\Illuminate\\Database\\Schema\\MySqlBuilder.php(41): Illuminate\\Database\\Connection->selectFromWriteConnection()
#6 E:\\Study\\Project\\DAK2\\adminlte\\vendor\\laravel\\framework\\src\\Illuminate\\Database\\Schema\\Builder.php(147): Illuminate\\Database\\Schema\\MySqlBuilder->getTables()
#7 E:\\Study\\Project\\DAK2\\adminlte\\vendor\\laravel\\framework\\src\\Illuminate\\Database\\Migrations\\DatabaseMigrationRepository.php(184): Illuminate\\Database\\Schema\\Builder->hasTable()
#8 E:\\Study\\Project\\DAK2\\adminlte\\vendor\\laravel\\framework\\src\\Illuminate\\Database\\Migrations\\Migrator.php(689): Illuminate\\Database\\Migrations\\DatabaseMigrationRepository->repositoryExists()
#9 E:\\Study\\Project\\DAK2\\adminlte\\vendor\\laravel\\framework\\src\\Illuminate\\Database\\Console\\Migrations\\MigrateCommand.php(163): Illuminate\\Database\\Migrations\\Migrator->repositoryExists()
#10 E:\\Study\\Project\\DAK2\\adminlte\\vendor\\laravel\\framework\\src\\Illuminate\\Support\\helpers.php(286): Illuminate\\Database\\Console\\Migrations\\MigrateCommand->Illuminate\\Database\\Console\\Migrations\\{closure}()
#11 E:\\Study\\Project\\DAK2\\adminlte\\vendor\\laravel\\framework\\src\\Illuminate\\Database\\Console\\Migrations\\MigrateCommand.php(163): retry()
#12 E:\\Study\\Project\\DAK2\\adminlte\\vendor\\laravel\\framework\\src\\Illuminate\\Database\\Console\\Migrations\\MigrateCommand.php(139): Illuminate\\Database\\Console\\Migrations\\MigrateCommand->repositoryExists()
#13 E:\\Study\\Project\\DAK2\\adminlte\\vendor\\laravel\\framework\\src\\Illuminate\\Database\\Console\\Migrations\\MigrateCommand.php(109): Illuminate\\Database\\Console\\Migrations\\MigrateCommand->prepareDatabase()
#14 E:\\Study\\Project\\DAK2\\adminlte\\vendor\\laravel\\framework\\src\\Illuminate\\Database\\Migrations\\Migrator.php(622): Illuminate\\Database\\Console\\Migrations\\MigrateCommand->Illuminate\\Database\\Console\\Migrations\\{closure}()
#15 E:\\Study\\Project\\DAK2\\adminlte\\vendor\\laravel\\framework\\src\\Illuminate\\Database\\Console\\Migrations\\MigrateCommand.php(108): Illuminate\\Database\\Migrations\\Migrator->usingConnection()
#16 E:\\Study\\Project\\DAK2\\adminlte\\vendor\\laravel\\framework\\src\\Illuminate\\Database\\Console\\Migrations\\MigrateCommand.php(87): Illuminate\\Database\\Console\\Migrations\\MigrateCommand->runMigrations()
#17 E:\\Study\\Project\\DAK2\\adminlte\\vendor\\laravel\\framework\\src\\Illuminate\\Container\\BoundMethod.php(36): Illuminate\\Database\\Console\\Migrations\\MigrateCommand->handle()
#18 E:\\Study\\Project\\DAK2\\adminlte\\vendor\\laravel\\framework\\src\\Illuminate\\Container\\Util.php(41): Illuminate\\Container\\BoundMethod::Illuminate\\Container\\{closure}()
#19 E:\\Study\\Project\\DAK2\\adminlte\\vendor\\laravel\\framework\\src\\Illuminate\\Container\\BoundMethod.php(93): Illuminate\\Container\\Util::unwrapIfClosure()
#20 E:\\Study\\Project\\DAK2\\adminlte\\vendor\\laravel\\framework\\src\\Illuminate\\Container\\BoundMethod.php(35): Illuminate\\Container\\BoundMethod::callBoundMethod()
#21 E:\\Study\\Project\\DAK2\\adminlte\\vendor\\laravel\\framework\\src\\Illuminate\\Container\\Container.php(662): Illuminate\\Container\\BoundMethod::call()
#22 E:\\Study\\Project\\DAK2\\adminlte\\vendor\\laravel\\framework\\src\\Illuminate\\Console\\Command.php(212): Illuminate\\Container\\Container->call()
#23 E:\\Study\\Project\\DAK2\\adminlte\\vendor\\symfony\\console\\Command\\Command.php(279): Illuminate\\Console\\Command->execute()
#24 E:\\Study\\Project\\DAK2\\adminlte\\vendor\\laravel\\framework\\src\\Illuminate\\Console\\Command.php(181): Symfony\\Component\\Console\\Command\\Command->run()
#25 E:\\Study\\Project\\DAK2\\adminlte\\vendor\\symfony\\console\\Application.php(1049): Illuminate\\Console\\Command->run()
#26 E:\\Study\\Project\\DAK2\\adminlte\\vendor\\symfony\\console\\Application.php(318): Symfony\\Component\\Console\\Application->doRunCommand()
#27 E:\\Study\\Project\\DAK2\\adminlte\\vendor\\symfony\\console\\Application.php(169): Symfony\\Component\\Console\\Application->doRun()
#28 E:\\Study\\Project\\DAK2\\adminlte\\vendor\\laravel\\framework\\src\\Illuminate\\Foundation\\Console\\Kernel.php(196): Symfony\\Component\\Console\\Application->run()
#29 E:\\Study\\Project\\DAK2\\adminlte\\vendor\\laravel\\framework\\src\\Illuminate\\Foundation\\Application.php(1183): Illuminate\\Foundation\\Console\\Kernel->handle()
#30 E:\\Study\\Project\\DAK2\\adminlte\\artisan(13): Illuminate\\Foundation\\Application->handleCommand()
#31 {main}

[previous exception] [object] (PDOException(code: 2002): SQLSTATE[HY000] [2002] No connection could be made because the target machine actively refused it at E:\\Study\\Project\\DAK2\\adminlte\\vendor\\laravel\\framework\\src\\Illuminate\\Database\\Connectors\\Connector.php:65)
[stacktrace]
#0 E:\\Study\\Project\\DAK2\\adminlte\\vendor\\laravel\\framework\\src\\Illuminate\\Database\\Connectors\\Connector.php(65): PDO->__construct()
#1 E:\\Study\\Project\\DAK2\\adminlte\\vendor\\laravel\\framework\\src\\Illuminate\\Database\\Connectors\\Connector.php(83): Illuminate\\Database\\Connectors\\Connector->createPdoConnection()
#2 E:\\Study\\Project\\DAK2\\adminlte\\vendor\\laravel\\framework\\src\\Illuminate\\Database\\Connectors\\Connector.php(48): Illuminate\\Database\\Connectors\\Connector->tryAgainIfCausedByLostConnection()
#3 E:\\Study\\Project\\DAK2\\adminlte\\vendor\\laravel\\framework\\src\\Illuminate\\Database\\Connectors\\MySqlConnector.php(24): Illuminate\\Database\\Connectors\\Connector->createConnection()
#4 E:\\Study\\Project\\DAK2\\adminlte\\vendor\\laravel\\framework\\src\\Illuminate\\Database\\Connectors\\ConnectionFactory.php(185): Illuminate\\Database\\Connectors\\MySqlConnector->connect()
#5 [internal function]: Illuminate\\Database\\Connectors\\ConnectionFactory->Illuminate\\Database\\Connectors\\{closure}()
#6 E:\\Study\\Project\\DAK2\\adminlte\\vendor\\laravel\\framework\\src\\Illuminate\\Database\\Connection.php(1219): call_user_func()
#7 E:\\Study\\Project\\DAK2\\adminlte\\vendor\\laravel\\framework\\src\\Illuminate\\Database\\Connection.php(512): Illuminate\\Database\\Connection->getPdo()
#8 E:\\Study\\Project\\DAK2\\adminlte\\vendor\\laravel\\framework\\src\\Illuminate\\Database\\Connection.php(407): Illuminate\\Database\\Connection->getPdoForSelect()
#9 E:\\Study\\Project\\DAK2\\adminlte\\vendor\\laravel\\framework\\src\\Illuminate\\Database\\Connection.php(800): Illuminate\\Database\\Connection->Illuminate\\Database\\{closure}()
#10 E:\\Study\\Project\\DAK2\\adminlte\\vendor\\laravel\\framework\\src\\Illuminate\\Database\\Connection.php(967): Illuminate\\Database\\Connection->runQueryCallback()
#11 E:\\Study\\Project\\DAK2\\adminlte\\vendor\\laravel\\framework\\src\\Illuminate\\Database\\Connection.php(946): Illuminate\\Database\\Connection->tryAgainIfCausedByLostConnection()
#12 E:\\Study\\Project\\DAK2\\adminlte\\vendor\\laravel\\framework\\src\\Illuminate\\Database\\Connection.php(769): Illuminate\\Database\\Connection->handleQueryException()
#13 E:\\Study\\Project\\DAK2\\adminlte\\vendor\\laravel\\framework\\src\\Illuminate\\Database\\Connection.php(398): Illuminate\\Database\\Connection->run()
#14 E:\\Study\\Project\\DAK2\\adminlte\\vendor\\laravel\\framework\\src\\Illuminate\\Database\\Connection.php(385): Illuminate\\Database\\Connection->select()
#15 E:\\Study\\Project\\DAK2\\adminlte\\vendor\\laravel\\framework\\src\\Illuminate\\Database\\Schema\\MySqlBuilder.php(41): Illuminate\\Database\\Connection->selectFromWriteConnection()
#16 E:\\Study\\Project\\DAK2\\adminlte\\vendor\\laravel\\framework\\src\\Illuminate\\Database\\Schema\\Builder.php(147): Illuminate\\Database\\Schema\\MySqlBuilder->getTables()
#17 E:\\Study\\Project\\DAK2\\adminlte\\vendor\\laravel\\framework\\src\\Illuminate\\Database\\Migrations\\DatabaseMigrationRepository.php(184): Illuminate\\Database\\Schema\\Builder->hasTable()
#18 E:\\Study\\Project\\DAK2\\adminlte\\vendor\\laravel\\framework\\src\\Illuminate\\Database\\Migrations\\Migrator.php(689): Illuminate\\Database\\Migrations\\DatabaseMigrationRepository->repositoryExists()
#19 E:\\Study\\Project\\DAK2\\adminlte\\vendor\\laravel\\framework\\src\\Illuminate\\Database\\Console\\Migrations\\MigrateCommand.php(163): Illuminate\\Database\\Migrations\\Migrator->repositoryExists()
#20 E:\\Study\\Project\\DAK2\\adminlte\\vendor\\laravel\\framework\\src\\Illuminate\\Support\\helpers.php(286): Illuminate\\Database\\Console\\Migrations\\MigrateCommand->Illuminate\\Database\\Console\\Migrations\\{closure}()
#21 E:\\Study\\Project\\DAK2\\adminlte\\vendor\\laravel\\framework\\src\\Illuminate\\Database\\Console\\Migrations\\MigrateCommand.php(163): retry()
#22 E:\\Study\\Project\\DAK2\\adminlte\\vendor\\laravel\\framework\\src\\Illuminate\\Database\\Console\\Migrations\\MigrateCommand.php(139): Illuminate\\Database\\Console\\Migrations\\MigrateCommand->repositoryExists()
#23 E:\\Study\\Project\\DAK2\\adminlte\\vendor\\laravel\\framework\\src\\Illuminate\\Database\\Console\\Migrations\\MigrateCommand.php(109): Illuminate\\Database\\Console\\Migrations\\MigrateCommand->prepareDatabase()
#24 E:\\Study\\Project\\DAK2\\adminlte\\vendor\\laravel\\framework\\src\\Illuminate\\Database\\Migrations\\Migrator.php(622): Illuminate\\Database\\Console\\Migrations\\MigrateCommand->Illuminate\\Database\\Console\\Migrations\\{closure}()
#25 E:\\Study\\Project\\DAK2\\adminlte\\vendor\\laravel\\framework\\src\\Illuminate\\Database\\Console\\Migrations\\MigrateCommand.php(108): Illuminate\\Database\\Migrations\\Migrator->usingConnection()
#26 E:\\Study\\Project\\DAK2\\adminlte\\vendor\\laravel\\framework\\src\\Illuminate\\Database\\Console\\Migrations\\MigrateCommand.php(87): Illuminate\\Database\\Console\\Migrations\\MigrateCommand->runMigrations()
#27 E:\\Study\\Project\\DAK2\\adminlte\\vendor\\laravel\\framework\\src\\Illuminate\\Container\\BoundMethod.php(36): Illuminate\\Database\\Console\\Migrations\\MigrateCommand->handle()
#28 E:\\Study\\Project\\DAK2\\adminlte\\vendor\\laravel\\framework\\src\\Illuminate\\Container\\Util.php(41): Illuminate\\Container\\BoundMethod::Illuminate\\Container\\{closure}()
#29 E:\\Study\\Project\\DAK2\\adminlte\\vendor\\laravel\\framework\\src\\Illuminate\\Container\\BoundMethod.php(93): Illuminate\\Container\\Util::unwrapIfClosure()
#30 E:\\Study\\Project\\DAK2\\adminlte\\vendor\\laravel\\framework\\src\\Illuminate\\Container\\BoundMethod.php(35): Illuminate\\Container\\BoundMethod::callBoundMethod()
#31 E:\\Study\\Project\\DAK2\\adminlte\\vendor\\laravel\\framework\\src\\Illuminate\\Container\\Container.php(662): Illuminate\\Container\\BoundMethod::call()
#32 E:\\Study\\Project\\DAK2\\adminlte\\vendor\\laravel\\framework\\src\\Illuminate\\Console\\Command.php(212): Illuminate\\Container\\Container->call()
#33 E:\\Study\\Project\\DAK2\\adminlte\\vendor\\symfony\\console\\Command\\Command.php(279): Illuminate\\Console\\Command->execute()
#34 E:\\Study\\Project\\DAK2\\adminlte\\vendor\\laravel\\framework\\src\\Illuminate\\Console\\Command.php(181): Symfony\\Component\\Console\\Command\\Command->run()
#35 E:\\Study\\Project\\DAK2\\adminlte\\vendor\\symfony\\console\\Application.php(1049): Illuminate\\Console\\Command->run()
#36 E:\\Study\\Project\\DAK2\\adminlte\\vendor\\symfony\\console\\Application.php(318): Symfony\\Component\\Console\\Application->doRunCommand()
#37 E:\\Study\\Project\\DAK2\\adminlte\\vendor\\symfony\\console\\Application.php(169): Symfony\\Component\\Console\\Application->doRun()
#38 E:\\Study\\Project\\DAK2\\adminlte\\vendor\\laravel\\framework\\src\\Illuminate\\Foundation\\Console\\Kernel.php(196): Symfony\\Component\\Console\\Application->run()
#39 E:\\Study\\Project\\DAK2\\adminlte\\vendor\\laravel\\framework\\src\\Illuminate\\Foundation\\Application.php(1183): Illuminate\\Foundation\\Console\\Kernel->handle()
#40 E:\\Study\\Project\\DAK2\\adminlte\\artisan(13): Illuminate\\Foundation\\Application->handleCommand()
#41 {main}
"} 
[2024-03-28 14:14:58] local.ERROR: SQLSTATE[HY000] [2002] No connection could be made because the target machine actively refused it (Connection: mysql, SQL: select table_name as `name`, (data_length + index_length) as `size`, table_comment as `comment`, engine as `engine`, table_collation as `collation` from information_schema.tables where table_schema = 'php' and table_type in ('BASE TABLE', 'SYSTEM VERSIONED') order by table_name) {"exception":"[object] (Illuminate\\Database\\QueryException(code: 2002): SQLSTATE[HY000] [2002] No connection could be made because the target machine actively refused it (Connection: mysql, SQL: select table_name as `name`, (data_length + index_length) as `size`, table_comment as `comment`, engine as `engine`, table_collation as `collation` from information_schema.tables where table_schema = 'php' and table_type in ('BASE TABLE', 'SYSTEM VERSIONED') order by table_name) at E:\\Study\\Project\\DAK2\\adminlte\\vendor\\laravel\\framework\\src\\Illuminate\\Database\\Connection.php:813)
[stacktrace]
#0 E:\\Study\\Project\\DAK2\\adminlte\\vendor\\laravel\\framework\\src\\Illuminate\\Database\\Connection.php(967): Illuminate\\Database\\Connection->runQueryCallback()
#1 E:\\Study\\Project\\DAK2\\adminlte\\vendor\\laravel\\framework\\src\\Illuminate\\Database\\Connection.php(946): Illuminate\\Database\\Connection->tryAgainIfCausedByLostConnection()
#2 E:\\Study\\Project\\DAK2\\adminlte\\vendor\\laravel\\framework\\src\\Illuminate\\Database\\Connection.php(769): Illuminate\\Database\\Connection->handleQueryException()
#3 E:\\Study\\Project\\DAK2\\adminlte\\vendor\\laravel\\framework\\src\\Illuminate\\Database\\Connection.php(398): Illuminate\\Database\\Connection->run()
#4 E:\\Study\\Project\\DAK2\\adminlte\\vendor\\laravel\\framework\\src\\Illuminate\\Database\\Connection.php(385): Illuminate\\Database\\Connection->select()
#5 E:\\Study\\Project\\DAK2\\adminlte\\vendor\\laravel\\framework\\src\\Illuminate\\Database\\Schema\\MySqlBuilder.php(41): Illuminate\\Database\\Connection->selectFromWriteConnection()
#6 E:\\Study\\Project\\DAK2\\adminlte\\vendor\\laravel\\framework\\src\\Illuminate\\Database\\Schema\\Builder.php(147): Illuminate\\Database\\Schema\\MySqlBuilder->getTables()
#7 E:\\Study\\Project\\DAK2\\adminlte\\vendor\\laravel\\framework\\src\\Illuminate\\Database\\Migrations\\DatabaseMigrationRepository.php(184): Illuminate\\Database\\Schema\\Builder->hasTable()
#8 E:\\Study\\Project\\DAK2\\adminlte\\vendor\\laravel\\framework\\src\\Illuminate\\Database\\Migrations\\Migrator.php(689): Illuminate\\Database\\Migrations\\DatabaseMigrationRepository->repositoryExists()
#9 E:\\Study\\Project\\DAK2\\adminlte\\vendor\\laravel\\framework\\src\\Illuminate\\Database\\Console\\Migrations\\MigrateCommand.php(163): Illuminate\\Database\\Migrations\\Migrator->repositoryExists()
#10 E:\\Study\\Project\\DAK2\\adminlte\\vendor\\laravel\\framework\\src\\Illuminate\\Support\\helpers.php(286): Illuminate\\Database\\Console\\Migrations\\MigrateCommand->Illuminate\\Database\\Console\\Migrations\\{closure}()
#11 E:\\Study\\Project\\DAK2\\adminlte\\vendor\\laravel\\framework\\src\\Illuminate\\Database\\Console\\Migrations\\MigrateCommand.php(163): retry()
#12 E:\\Study\\Project\\DAK2\\adminlte\\vendor\\laravel\\framework\\src\\Illuminate\\Database\\Console\\Migrations\\MigrateCommand.php(139): Illuminate\\Database\\Console\\Migrations\\MigrateCommand->repositoryExists()
#13 E:\\Study\\Project\\DAK2\\adminlte\\vendor\\laravel\\framework\\src\\Illuminate\\Database\\Console\\Migrations\\MigrateCommand.php(109): Illuminate\\Database\\Console\\Migrations\\MigrateCommand->prepareDatabase()
#14 E:\\Study\\Project\\DAK2\\adminlte\\vendor\\laravel\\framework\\src\\Illuminate\\Database\\Migrations\\Migrator.php(622): Illuminate\\Database\\Console\\Migrations\\MigrateCommand->Illuminate\\Database\\Console\\Migrations\\{closure}()
#15 E:\\Study\\Project\\DAK2\\adminlte\\vendor\\laravel\\framework\\src\\Illuminate\\Database\\Console\\Migrations\\MigrateCommand.php(108): Illuminate\\Database\\Migrations\\Migrator->usingConnection()
#16 E:\\Study\\Project\\DAK2\\adminlte\\vendor\\laravel\\framework\\src\\Illuminate\\Database\\Console\\Migrations\\MigrateCommand.php(87): Illuminate\\Database\\Console\\Migrations\\MigrateCommand->runMigrations()
#17 E:\\Study\\Project\\DAK2\\adminlte\\vendor\\laravel\\framework\\src\\Illuminate\\Container\\BoundMethod.php(36): Illuminate\\Database\\Console\\Migrations\\MigrateCommand->handle()
#18 E:\\Study\\Project\\DAK2\\adminlte\\vendor\\laravel\\framework\\src\\Illuminate\\Container\\Util.php(41): Illuminate\\Container\\BoundMethod::Illuminate\\Container\\{closure}()
#19 E:\\Study\\Project\\DAK2\\adminlte\\vendor\\laravel\\framework\\src\\Illuminate\\Container\\BoundMethod.php(93): Illuminate\\Container\\Util::unwrapIfClosure()
#20 E:\\Study\\Project\\DAK2\\adminlte\\vendor\\laravel\\framework\\src\\Illuminate\\Container\\BoundMethod.php(35): Illuminate\\Container\\BoundMethod::callBoundMethod()
#21 E:\\Study\\Project\\DAK2\\adminlte\\vendor\\laravel\\framework\\src\\Illuminate\\Container\\Container.php(662): Illuminate\\Container\\BoundMethod::call()
#22 E:\\Study\\Project\\DAK2\\adminlte\\vendor\\laravel\\framework\\src\\Illuminate\\Console\\Command.php(212): Illuminate\\Container\\Container->call()
#23 E:\\Study\\Project\\DAK2\\adminlte\\vendor\\symfony\\console\\Command\\Command.php(279): Illuminate\\Console\\Command->execute()
#24 E:\\Study\\Project\\DAK2\\adminlte\\vendor\\laravel\\framework\\src\\Illuminate\\Console\\Command.php(181): Symfony\\Component\\Console\\Command\\Command->run()
#25 E:\\Study\\Project\\DAK2\\adminlte\\vendor\\symfony\\console\\Application.php(1049): Illuminate\\Console\\Command->run()
#26 E:\\Study\\Project\\DAK2\\adminlte\\vendor\\symfony\\console\\Application.php(318): Symfony\\Component\\Console\\Application->doRunCommand()
#27 E:\\Study\\Project\\DAK2\\adminlte\\vendor\\symfony\\console\\Application.php(169): Symfony\\Component\\Console\\Application->doRun()
#28 E:\\Study\\Project\\DAK2\\adminlte\\vendor\\laravel\\framework\\src\\Illuminate\\Foundation\\Console\\Kernel.php(196): Symfony\\Component\\Console\\Application->run()
#29 E:\\Study\\Project\\DAK2\\adminlte\\vendor\\laravel\\framework\\src\\Illuminate\\Foundation\\Application.php(1183): Illuminate\\Foundation\\Console\\Kernel->handle()
#30 E:\\Study\\Project\\DAK2\\adminlte\\artisan(13): Illuminate\\Foundation\\Application->handleCommand()
#31 {main}

[previous exception] [object] (PDOException(code: 2002): SQLSTATE[HY000] [2002] No connection could be made because the target machine actively refused it at E:\\Study\\Project\\DAK2\\adminlte\\vendor\\laravel\\framework\\src\\Illuminate\\Database\\Connectors\\Connector.php:65)
[stacktrace]
#0 E:\\Study\\Project\\DAK2\\adminlte\\vendor\\laravel\\framework\\src\\Illuminate\\Database\\Connectors\\Connector.php(65): PDO->__construct()
#1 E:\\Study\\Project\\DAK2\\adminlte\\vendor\\laravel\\framework\\src\\Illuminate\\Database\\Connectors\\Connector.php(83): Illuminate\\Database\\Connectors\\Connector->createPdoConnection()
#2 E:\\Study\\Project\\DAK2\\adminlte\\vendor\\laravel\\framework\\src\\Illuminate\\Database\\Connectors\\Connector.php(48): Illuminate\\Database\\Connectors\\Connector->tryAgainIfCausedByLostConnection()
#3 E:\\Study\\Project\\DAK2\\adminlte\\vendor\\laravel\\framework\\src\\Illuminate\\Database\\Connectors\\MySqlConnector.php(24): Illuminate\\Database\\Connectors\\Connector->createConnection()
#4 E:\\Study\\Project\\DAK2\\adminlte\\vendor\\laravel\\framework\\src\\Illuminate\\Database\\Connectors\\ConnectionFactory.php(185): Illuminate\\Database\\Connectors\\MySqlConnector->connect()
#5 [internal function]: Illuminate\\Database\\Connectors\\ConnectionFactory->Illuminate\\Database\\Connectors\\{closure}()
#6 E:\\Study\\Project\\DAK2\\adminlte\\vendor\\laravel\\framework\\src\\Illuminate\\Database\\Connection.php(1219): call_user_func()
#7 E:\\Study\\Project\\DAK2\\adminlte\\vendor\\laravel\\framework\\src\\Illuminate\\Database\\Connection.php(512): Illuminate\\Database\\Connection->getPdo()
#8 E:\\Study\\Project\\DAK2\\adminlte\\vendor\\laravel\\framework\\src\\Illuminate\\Database\\Connection.php(407): Illuminate\\Database\\Connection->getPdoForSelect()
#9 E:\\Study\\Project\\DAK2\\adminlte\\vendor\\laravel\\framework\\src\\Illuminate\\Database\\Connection.php(800): Illuminate\\Database\\Connection->Illuminate\\Database\\{closure}()
#10 E:\\Study\\Project\\DAK2\\adminlte\\vendor\\laravel\\framework\\src\\Illuminate\\Database\\Connection.php(967): Illuminate\\Database\\Connection->runQueryCallback()
#11 E:\\Study\\Project\\DAK2\\adminlte\\vendor\\laravel\\framework\\src\\Illuminate\\Database\\Connection.php(946): Illuminate\\Database\\Connection->tryAgainIfCausedByLostConnection()
#12 E:\\Study\\Project\\DAK2\\adminlte\\vendor\\laravel\\framework\\src\\Illuminate\\Database\\Connection.php(769): Illuminate\\Database\\Connection->handleQueryException()
#13 E:\\Study\\Project\\DAK2\\adminlte\\vendor\\laravel\\framework\\src\\Illuminate\\Database\\Connection.php(398): Illuminate\\Database\\Connection->run()
#14 E:\\Study\\Project\\DAK2\\adminlte\\vendor\\laravel\\framework\\src\\Illuminate\\Database\\Connection.php(385): Illuminate\\Database\\Connection->select()
#15 E:\\Study\\Project\\DAK2\\adminlte\\vendor\\laravel\\framework\\src\\Illuminate\\Database\\Schema\\MySqlBuilder.php(41): Illuminate\\Database\\Connection->selectFromWriteConnection()
#16 E:\\Study\\Project\\DAK2\\adminlte\\vendor\\laravel\\framework\\src\\Illuminate\\Database\\Schema\\Builder.php(147): Illuminate\\Database\\Schema\\MySqlBuilder->getTables()
#17 E:\\Study\\Project\\DAK2\\adminlte\\vendor\\laravel\\framework\\src\\Illuminate\\Database\\Migrations\\DatabaseMigrationRepository.php(184): Illuminate\\Database\\Schema\\Builder->hasTable()
#18 E:\\Study\\Project\\DAK2\\adminlte\\vendor\\laravel\\framework\\src\\Illuminate\\Database\\Migrations\\Migrator.php(689): Illuminate\\Database\\Migrations\\DatabaseMigrationRepository->repositoryExists()
#19 E:\\Study\\Project\\DAK2\\adminlte\\vendor\\laravel\\framework\\src\\Illuminate\\Database\\Console\\Migrations\\MigrateCommand.php(163): Illuminate\\Database\\Migrations\\Migrator->repositoryExists()
#20 E:\\Study\\Project\\DAK2\\adminlte\\vendor\\laravel\\framework\\src\\Illuminate\\Support\\helpers.php(286): Illuminate\\Database\\Console\\Migrations\\MigrateCommand->Illuminate\\Database\\Console\\Migrations\\{closure}()
#21 E:\\Study\\Project\\DAK2\\adminlte\\vendor\\laravel\\framework\\src\\Illuminate\\Database\\Console\\Migrations\\MigrateCommand.php(163): retry()
#22 E:\\Study\\Project\\DAK2\\adminlte\\vendor\\laravel\\framework\\src\\Illuminate\\Database\\Console\\Migrations\\MigrateCommand.php(139): Illuminate\\Database\\Console\\Migrations\\MigrateCommand->repositoryExists()
#23 E:\\Study\\Project\\DAK2\\adminlte\\vendor\\laravel\\framework\\src\\Illuminate\\Database\\Console\\Migrations\\MigrateCommand.php(109): Illuminate\\Database\\Console\\Migrations\\MigrateCommand->prepareDatabase()
#24 E:\\Study\\Project\\DAK2\\adminlte\\vendor\\laravel\\framework\\src\\Illuminate\\Database\\Migrations\\Migrator.php(622): Illuminate\\Database\\Console\\Migrations\\MigrateCommand->Illuminate\\Database\\Console\\Migrations\\{closure}()
#25 E:\\Study\\Project\\DAK2\\adminlte\\vendor\\laravel\\framework\\src\\Illuminate\\Database\\Console\\Migrations\\MigrateCommand.php(108): Illuminate\\Database\\Migrations\\Migrator->usingConnection()
#26 E:\\Study\\Project\\DAK2\\adminlte\\vendor\\laravel\\framework\\src\\Illuminate\\Database\\Console\\Migrations\\MigrateCommand.php(87): Illuminate\\Database\\Console\\Migrations\\MigrateCommand->runMigrations()
#27 E:\\Study\\Project\\DAK2\\adminlte\\vendor\\laravel\\framework\\src\\Illuminate\\Container\\BoundMethod.php(36): Illuminate\\Database\\Console\\Migrations\\MigrateCommand->handle()
#28 E:\\Study\\Project\\DAK2\\adminlte\\vendor\\laravel\\framework\\src\\Illuminate\\Container\\Util.php(41): Illuminate\\Container\\BoundMethod::Illuminate\\Container\\{closure}()
#29 E:\\Study\\Project\\DAK2\\adminlte\\vendor\\laravel\\framework\\src\\Illuminate\\Container\\BoundMethod.php(93): Illuminate\\Container\\Util::unwrapIfClosure()
#30 E:\\Study\\Project\\DAK2\\adminlte\\vendor\\laravel\\framework\\src\\Illuminate\\Container\\BoundMethod.php(35): Illuminate\\Container\\BoundMethod::callBoundMethod()
#31 E:\\Study\\Project\\DAK2\\adminlte\\vendor\\laravel\\framework\\src\\Illuminate\\Container\\Container.php(662): Illuminate\\Container\\BoundMethod::call()
#32 E:\\Study\\Project\\DAK2\\adminlte\\vendor\\laravel\\framework\\src\\Illuminate\\Console\\Command.php(212): Illuminate\\Container\\Container->call()
#33 E:\\Study\\Project\\DAK2\\adminlte\\vendor\\symfony\\console\\Command\\Command.php(279): Illuminate\\Console\\Command->execute()
#34 E:\\Study\\Project\\DAK2\\adminlte\\vendor\\laravel\\framework\\src\\Illuminate\\Console\\Command.php(181): Symfony\\Component\\Console\\Command\\Command->run()
#35 E:\\Study\\Project\\DAK2\\adminlte\\vendor\\symfony\\console\\Application.php(1049): Illuminate\\Console\\Command->run()
#36 E:\\Study\\Project\\DAK2\\adminlte\\vendor\\symfony\\console\\Application.php(318): Symfony\\Component\\Console\\Application->doRunCommand()
#37 E:\\Study\\Project\\DAK2\\adminlte\\vendor\\symfony\\console\\Application.php(169): Symfony\\Component\\Console\\Application->doRun()
#38 E:\\Study\\Project\\DAK2\\adminlte\\vendor\\laravel\\framework\\src\\Illuminate\\Foundation\\Console\\Kernel.php(196): Symfony\\Component\\Console\\Application->run()
#39 E:\\Study\\Project\\DAK2\\adminlte\\vendor\\laravel\\framework\\src\\Illuminate\\Foundation\\Application.php(1183): Illuminate\\Foundation\\Console\\Kernel->handle()
#40 E:\\Study\\Project\\DAK2\\adminlte\\artisan(13): Illuminate\\Foundation\\Application->handleCommand()
#41 {main}
"} 
